Build started 18/3/2015 14:22:51 .
     1>Project "C:\Users\Oleksandr\Desktop\Pinocchio_source\cmake-3.2.1-win32-x86\bin\fluid\fluid.vcxproj" on node 5 (Rebuild target(s)).
     1>CustomBuild:
         Building Custom Rule C:/Users/Oleksandr/Desktop/Pinocchio_source/fltk-1.1.10/fluid/CMakeLists.txt
         CMake does not need to re-run because C:\Users\Oleksandr\Desktop\Pinocchio_source\cmake-3.2.1-win32-x86\bin\fluid\CMakeFiles\generate.stamp is up-to-date.
       ClCompile:
         C:\Program Files (x86)\Microsoft Visual Studio 12.0\VC\bin\CL.exe /c /I"C:\Users\Oleksandr\Desktop\Pinocchio_source\fltk-1.1.10\zlib" /I"C:\Users\Oleksandr\Desktop\Pinocchio_source\fltk-1.1.10\jpeg" /I"C:\Users\Oleksandr\Desktop\Pinocchio_source\fltk-1.1.10\png" /I"C:\Users\Oleksandr\Desktop\Pinocchio_source\cmake-3.2.1-win32-x86\bin" /Zi /nologo /W3 /WX- /Od /Ob0 /Oy- /D WIN32 /D _WINDOWS /D _DEBUG /D "CMAKE_INTDIR=\"Debug\"" /D _MBCS /Gm- /EHsc /RTC1 /MDd /GS /fp:precise /Zc:wchar_t /Zc:forScope /GR /Fo"fluid.dir\Debug\\" /Fd"fluid.dir\Debug\vc120.pdb" /Gd /TP /analyze- /errorReport:prompt "C:\Users\Oleksandr\Desktop\Pinocchio_source\fltk-1.1.10\fluid\CodeEditor.cxx" "C:\Users\Oleksandr\Desktop\Pinocchio_source\fltk-1.1.10\fluid\Fl_Function_Type.cxx" "C:\Users\Oleksandr\Desktop\Pinocchio_source\fltk-1.1.10\fluid\Fl_Group_Type.cxx" "C:\Users\Oleksandr\Desktop\Pinocchio_source\fltk-1.1.10\fluid\Fl_Menu_Type.cxx" "C:\Users\Oleksandr\Desktop\Pinocchio_source\fltk-1.1.10\fluid\Fl_Type.cxx" "C:\Users\Oleksandr\Desktop\Pinocchio_source\fltk-1.1.10\fluid\Fl_Widget_Type.cxx" "C:\Users\Oleksandr\Desktop\Pinocchio_source\fltk-1.1.10\fluid\Fl_Window_Type.cxx" "C:\Users\Oleksandr\Desktop\Pinocchio_source\fltk-1.1.10\fluid\Fluid_Image.cxx" "C:\Users\Oleksandr\Desktop\Pinocchio_source\fltk-1.1.10\fluid\about_panel.cxx" "C:\Users\Oleksandr\Desktop\Pinocchio_source\fltk-1.1.10\fluid\align_widget.cxx" "C:\Users\Oleksandr\Desktop\Pinocchio_source\fltk-1.1.10\fluid\alignment_panel.cxx" "C:\Users\Oleksandr\Desktop\Pinocchio_source\fltk-1.1.10\fluid\code.cxx" "C:\Users\Oleksandr\Desktop\Pinocchio_source\fltk-1.1.10\fluid\factory.cxx" "C:\Users\Oleksandr\Desktop\Pinocchio_source\fltk-1.1.10\fluid\file.cxx" "C:\Users\Oleksandr\Desktop\Pinocchio_source\fltk-1.1.10\fluid\fluid.cxx" "C:\Users\Oleksandr\Desktop\Pinocchio_source\fltk-1.1.10\fluid\function_panel.cxx" "C:\Users\Oleksandr\Desktop\Pinocchio_source\fltk-1.1.10\fluid\template_panel.cxx" "C:\Users\Oleksandr\Desktop\Pinocchio_source\fltk-1.1.10\fluid\undo.cxx" "C:\Users\Oleksandr\Desktop\Pinocchio_source\fltk-1.1.10\fluid\widget_panel.cxx"
         CodeEditor.cxx
     1>C:\Users\Oleksandr\Desktop\Pinocchio_source\fltk-1.1.10\fluid\CodeEditor.cxx(356): warning C4996: 'strcpy': This function or variable may be unsafe. Consider using strcpy_s instead. To disable deprecation, use _CRT_SECURE_NO_WARNINGS. See online help for details.
                 C:\Program Files (x86)\Microsoft Visual Studio 12.0\VC\include\string.h(112) : see declaration of 'strcpy'
         Fl_Function_Type.cxx
     1>C:\Users\Oleksandr\Desktop\Pinocchio_source\fltk-1.1.10\fluid\Fl_Function_Type.cxx(55): warning C4996: 'sprintf': This function or variable may be unsafe. Consider using sprintf_s instead. To disable deprecation, use _CRT_SECURE_NO_WARNINGS. See online help for details.
                 C:\Program Files (x86)\Microsoft Visual Studio 12.0\VC\include\stdio.h(356) : see declaration of 'sprintf'
     1>C:\Users\Oleksandr\Desktop\Pinocchio_source\fltk-1.1.10\fluid\Fl_Function_Type.cxx(71): warning C4996: 'sprintf': This function or variable may be unsafe. Consider using sprintf_s instead. To disable deprecation, use _CRT_SECURE_NO_WARNINGS. See online help for details.
                 C:\Program Files (x86)\Microsoft Visual Studio 12.0\VC\include\stdio.h(356) : see declaration of 'sprintf'
     1>C:\Users\Oleksandr\Desktop\Pinocchio_source\fltk-1.1.10\fluid\Fl_Function_Type.cxx(111): warning C4996: 'sprintf': This function or variable may be unsafe. Consider using sprintf_s instead. To disable deprecation, use _CRT_SECURE_NO_WARNINGS. See online help for details.
                 C:\Program Files (x86)\Microsoft Visual Studio 12.0\VC\include\stdio.h(356) : see declaration of 'sprintf'
     1>C:\Users\Oleksandr\Desktop\Pinocchio_source\fltk-1.1.10\fluid\Fl_Function_Type.cxx(1078): warning C4996: 'sprintf': This function or variable may be unsafe. Consider using sprintf_s instead. To disable deprecation, use _CRT_SECURE_NO_WARNINGS. See online help for details.
                 C:\Program Files (x86)\Microsoft Visual Studio 12.0\VC\include\stdio.h(356) : see declaration of 'sprintf'
     1>C:\Users\Oleksandr\Desktop\Pinocchio_source\fltk-1.1.10\fluid\Fl_Function_Type.cxx(1080): warning C4996: 'strcpy': This function or variable may be unsafe. Consider using strcpy_s instead. To disable deprecation, use _CRT_SECURE_NO_WARNINGS. See online help for details.
                 C:\Program Files (x86)\Microsoft Visual Studio 12.0\VC\include\string.h(112) : see declaration of 'strcpy'
         Fl_Group_Type.cxx
         Fl_Menu_Type.cxx
     1>C:\Users\Oleksandr\Desktop\Pinocchio_source\cmake-3.2.1-win32-x86\bin\FL/Fl_Spinner.H(103): warning C4996: 'sprintf': This function or variable may be unsafe. Consider using sprintf_s instead. To disable deprecation, use _CRT_SECURE_NO_WARNINGS. See online help for details.
                 C:\Program Files (x86)\Microsoft Visual Studio 12.0\VC\include\stdio.h(356) : see declaration of 'sprintf'
     1>C:\Users\Oleksandr\Desktop\Pinocchio_source\cmake-3.2.1-win32-x86\bin\FL/Fl_Spinner.H(108): warning C4996: 'sprintf': This function or variable may be unsafe. Consider using sprintf_s instead. To disable deprecation, use _CRT_SECURE_NO_WARNINGS. See online help for details.
                 C:\Program Files (x86)\Microsoft Visual Studio 12.0\VC\include\stdio.h(356) : see declaration of 'sprintf'
     1>C:\Users\Oleksandr\Desktop\Pinocchio_source\cmake-3.2.1-win32-x86\bin\FL/Fl_Spinner.H(110): warning C4996: 'sprintf': This function or variable may be unsafe. Consider using sprintf_s instead. To disable deprecation, use _CRT_SECURE_NO_WARNINGS. See online help for details.
                 C:\Program Files (x86)\Microsoft Visual Studio 12.0\VC\include\stdio.h(356) : see declaration of 'sprintf'
         Fl_Type.cxx
     1>C:\Users\Oleksandr\Desktop\Pinocchio_source\fltk-1.1.10\fluid\Fl_Type.cxx(294): warning C4996: 'strcpy': This function or variable may be unsafe. Consider using strcpy_s instead. To disable deprecation, use _CRT_SECURE_NO_WARNINGS. See online help for details.
                 C:\Program Files (x86)\Microsoft Visual Studio 12.0\VC\include\string.h(112) : see declaration of 'strcpy'
     1>C:\Users\Oleksandr\Desktop\Pinocchio_source\fltk-1.1.10\fluid\Fl_Type.cxx(306): warning C4996: 'strcpy': This function or variable may be unsafe. Consider using strcpy_s instead. To disable deprecation, use _CRT_SECURE_NO_WARNINGS. See online help for details.
                 C:\Program Files (x86)\Microsoft Visual Studio 12.0\VC\include\string.h(112) : see declaration of 'strcpy'
     1>C:\Users\Oleksandr\Desktop\Pinocchio_source\fltk-1.1.10\fluid\Fl_Type.cxx(337): warning C4996: 'strcpy': This function or variable may be unsafe. Consider using strcpy_s instead. To disable deprecation, use _CRT_SECURE_NO_WARNINGS. See online help for details.
                 C:\Program Files (x86)\Microsoft Visual Studio 12.0\VC\include\string.h(112) : see declaration of 'strcpy'
     1>C:\Users\Oleksandr\Desktop\Pinocchio_source\fltk-1.1.10\fluid\Fl_Type.cxx(349): warning C4996: 'strcpy': This function or variable may be unsafe. Consider using strcpy_s instead. To disable deprecation, use _CRT_SECURE_NO_WARNINGS. See online help for details.
                 C:\Program Files (x86)\Microsoft Visual Studio 12.0\VC\include\string.h(112) : see declaration of 'strcpy'
         Fl_Widget_Type.cxx
     1>C:\Users\Oleksandr\Desktop\Pinocchio_source\cmake-3.2.1-win32-x86\bin\FL/Fl_Spinner.H(103): warning C4996: 'sprintf': This function or variable may be unsafe. Consider using sprintf_s instead. To disable deprecation, use _CRT_SECURE_NO_WARNINGS. See online help for details.
                 C:\Program Files (x86)\Microsoft Visual Studio 12.0\VC\include\stdio.h(356) : see declaration of 'sprintf'
     1>C:\Users\Oleksandr\Desktop\Pinocchio_source\cmake-3.2.1-win32-x86\bin\FL/Fl_Spinner.H(108): warning C4996: 'sprintf': This function or variable may be unsafe. Consider using sprintf_s instead. To disable deprecation, use _CRT_SECURE_NO_WARNINGS. See online help for details.
                 C:\Program Files (x86)\Microsoft Visual Studio 12.0\VC\include\stdio.h(356) : see declaration of 'sprintf'
     1>C:\Users\Oleksandr\Desktop\Pinocchio_source\cmake-3.2.1-win32-x86\bin\FL/Fl_Spinner.H(110): warning C4996: 'sprintf': This function or variable may be unsafe. Consider using sprintf_s instead. To disable deprecation, use _CRT_SECURE_NO_WARNINGS. See online help for details.
                 C:\Program Files (x86)\Microsoft Visual Studio 12.0\VC\include\stdio.h(356) : see declaration of 'sprintf'
     1>C:\Users\Oleksandr\Desktop\Pinocchio_source\fltk-1.1.10\fluid\Fl_Widget_Type.cxx(375): warning C4996: 'strcpy': This function or variable may be unsafe. Consider using strcpy_s instead. To disable deprecation, use _CRT_SECURE_NO_WARNINGS. See online help for details.
                 C:\Program Files (x86)\Microsoft Visual Studio 12.0\VC\include\string.h(112) : see declaration of 'strcpy'
     1>C:\Users\Oleksandr\Desktop\Pinocchio_source\fltk-1.1.10\fluid\Fl_Widget_Type.cxx(626): warning C4996: 'sprintf': This function or variable may be unsafe. Consider using sprintf_s instead. To disable deprecation, use _CRT_SECURE_NO_WARNINGS. See online help for details.
                 C:\Program Files (x86)\Microsoft Visual Studio 12.0\VC\include\stdio.h(356) : see declaration of 'sprintf'
     1>C:\Users\Oleksandr\Desktop\Pinocchio_source\fltk-1.1.10\fluid\Fl_Widget_Type.cxx(1885): warning C4996: 'strncpy': This function or variable may be unsafe. Consider using strncpy_s instead. To disable deprecation, use _CRT_SECURE_NO_WARNINGS. See online help for details.
                 C:\Program Files (x86)\Microsoft Visual Studio 12.0\VC\include\string.h(195) : see declaration of 'strncpy'
     1>C:\Users\Oleksandr\Desktop\Pinocchio_source\fltk-1.1.10\fluid\Fl_Widget_Type.cxx(2422): warning C4996: 'sscanf': This function or variable may be unsafe. Consider using sscanf_s instead. To disable deprecation, use _CRT_SECURE_NO_WARNINGS. See online help for details.
                 C:\Program Files (x86)\Microsoft Visual Studio 12.0\VC\include\stdio.h(304) : see declaration of 'sscanf'
     1>C:\Users\Oleksandr\Desktop\Pinocchio_source\fltk-1.1.10\fluid\Fl_Widget_Type.cxx(2443): warning C4996: 'sscanf': This function or variable may be unsafe. Consider using sscanf_s instead. To disable deprecation, use _CRT_SECURE_NO_WARNINGS. See online help for details.
                 C:\Program Files (x86)\Microsoft Visual Studio 12.0\VC\include\stdio.h(304) : see declaration of 'sscanf'
     1>C:\Users\Oleksandr\Desktop\Pinocchio_source\fltk-1.1.10\fluid\Fl_Widget_Type.cxx(2466): warning C4996: 'sscanf': This function or variable may be unsafe. Consider using sscanf_s instead. To disable deprecation, use _CRT_SECURE_NO_WARNINGS. See online help for details.
                 C:\Program Files (x86)\Microsoft Visual Studio 12.0\VC\include\stdio.h(304) : see declaration of 'sscanf'
     1>C:\Users\Oleksandr\Desktop\Pinocchio_source\fltk-1.1.10\fluid\Fl_Widget_Type.cxx(2474): warning C4996: 'sscanf': This function or variable may be unsafe. Consider using sscanf_s instead. To disable deprecation, use _CRT_SECURE_NO_WARNINGS. See online help for details.
                 C:\Program Files (x86)\Microsoft Visual Studio 12.0\VC\include\stdio.h(304) : see declaration of 'sscanf'
     1>C:\Users\Oleksandr\Desktop\Pinocchio_source\fltk-1.1.10\fluid\Fl_Widget_Type.cxx(2487): warning C4996: 'sscanf': This function or variable may be unsafe. Consider using sscanf_s instead. To disable deprecation, use _CRT_SECURE_NO_WARNINGS. See online help for details.
                 C:\Program Files (x86)\Microsoft Visual Studio 12.0\VC\include\stdio.h(304) : see declaration of 'sscanf'
     1>C:\Users\Oleksandr\Desktop\Pinocchio_source\fltk-1.1.10\fluid\Fl_Widget_Type.cxx(2489): warning C4996: 'sscanf': This function or variable may be unsafe. Consider using sscanf_s instead. To disable deprecation, use _CRT_SECURE_NO_WARNINGS. See online help for details.
                 C:\Program Files (x86)\Microsoft Visual Studio 12.0\VC\include\stdio.h(304) : see declaration of 'sscanf'
     1>C:\Users\Oleksandr\Desktop\Pinocchio_source\fltk-1.1.10\fluid\Fl_Widget_Type.cxx(2491): warning C4996: 'sscanf': This function or variable may be unsafe. Consider using sscanf_s instead. To disable deprecation, use _CRT_SECURE_NO_WARNINGS. See online help for details.
                 C:\Program Files (x86)\Microsoft Visual Studio 12.0\VC\include\stdio.h(304) : see declaration of 'sscanf'
     1>C:\Users\Oleksandr\Desktop\Pinocchio_source\fltk-1.1.10\fluid\Fl_Widget_Type.cxx(2493): warning C4996: 'sscanf': This function or variable may be unsafe. Consider using sscanf_s instead. To disable deprecation, use _CRT_SECURE_NO_WARNINGS. See online help for details.
                 C:\Program Files (x86)\Microsoft Visual Studio 12.0\VC\include\stdio.h(304) : see declaration of 'sscanf'
     1>C:\Users\Oleksandr\Desktop\Pinocchio_source\fltk-1.1.10\fluid\Fl_Widget_Type.cxx(2495): warning C4996: 'sscanf': This function or variable may be unsafe. Consider using sscanf_s instead. To disable deprecation, use _CRT_SECURE_NO_WARNINGS. See online help for details.
                 C:\Program Files (x86)\Microsoft Visual Studio 12.0\VC\include\stdio.h(304) : see declaration of 'sscanf'
     1>C:\Users\Oleksandr\Desktop\Pinocchio_source\fltk-1.1.10\fluid\Fl_Widget_Type.cxx(2511): warning C4996: 'sscanf': This function or variable may be unsafe. Consider using sscanf_s instead. To disable deprecation, use _CRT_SECURE_NO_WARNINGS. See online help for details.
                 C:\Program Files (x86)\Microsoft Visual Studio 12.0\VC\include\stdio.h(304) : see declaration of 'sscanf'
     1>C:\Users\Oleksandr\Desktop\Pinocchio_source\fltk-1.1.10\fluid\Fl_Widget_Type.cxx(2513): warning C4996: 'sscanf': This function or variable may be unsafe. Consider using sscanf_s instead. To disable deprecation, use _CRT_SECURE_NO_WARNINGS. See online help for details.
                 C:\Program Files (x86)\Microsoft Visual Studio 12.0\VC\include\stdio.h(304) : see declaration of 'sscanf'
     1>C:\Users\Oleksandr\Desktop\Pinocchio_source\fltk-1.1.10\fluid\Fl_Widget_Type.cxx(2515): warning C4996: 'sscanf': This function or variable may be unsafe. Consider using sscanf_s instead. To disable deprecation, use _CRT_SECURE_NO_WARNINGS. See online help for details.
                 C:\Program Files (x86)\Microsoft Visual Studio 12.0\VC\include\stdio.h(304) : see declaration of 'sscanf'
     1>C:\Users\Oleksandr\Desktop\Pinocchio_source\fltk-1.1.10\fluid\Fl_Widget_Type.cxx(2568): warning C4996: 'sscanf': This function or variable may be unsafe. Consider using sscanf_s instead. To disable deprecation, use _CRT_SECURE_NO_WARNINGS. See online help for details.
                 C:\Program Files (x86)\Microsoft Visual Studio 12.0\VC\include\stdio.h(304) : see declaration of 'sscanf'
     1>C:\Users\Oleksandr\Desktop\Pinocchio_source\fltk-1.1.10\fluid\Fl_Widget_Type.cxx(2588): warning C4996: 'sprintf': This function or variable may be unsafe. Consider using sprintf_s instead. To disable deprecation, use _CRT_SECURE_NO_WARNINGS. See online help for details.
                 C:\Program Files (x86)\Microsoft Visual Studio 12.0\VC\include\stdio.h(356) : see declaration of 'sprintf'
         Fl_Window_Type.cxx
     1>C:\Users\Oleksandr\Desktop\Pinocchio_source\cmake-3.2.1-win32-x86\bin\FL/Fl_Spinner.H(103): warning C4996: 'sprintf': This function or variable may be unsafe. Consider using sprintf_s instead. To disable deprecation, use _CRT_SECURE_NO_WARNINGS. See online help for details.
                 C:\Program Files (x86)\Microsoft Visual Studio 12.0\VC\include\stdio.h(356) : see declaration of 'sprintf'
     1>C:\Users\Oleksandr\Desktop\Pinocchio_source\cmake-3.2.1-win32-x86\bin\FL/Fl_Spinner.H(108): warning C4996: 'sprintf': This function or variable may be unsafe. Consider using sprintf_s instead. To disable deprecation, use _CRT_SECURE_NO_WARNINGS. See online help for details.
                 C:\Program Files (x86)\Microsoft Visual Studio 12.0\VC\include\stdio.h(356) : see declaration of 'sprintf'
     1>C:\Users\Oleksandr\Desktop\Pinocchio_source\cmake-3.2.1-win32-x86\bin\FL/Fl_Spinner.H(110): warning C4996: 'sprintf': This function or variable may be unsafe. Consider using sprintf_s instead. To disable deprecation, use _CRT_SECURE_NO_WARNINGS. See online help for details.
                 C:\Program Files (x86)\Microsoft Visual Studio 12.0\VC\include\stdio.h(356) : see declaration of 'sprintf'
     1>C:\Users\Oleksandr\Desktop\Pinocchio_source\fltk-1.1.10\fluid\Fl_Window_Type.cxx(221): warning C4996: 'sprintf': This function or variable may be unsafe. Consider using sprintf_s instead. To disable deprecation, use _CRT_SECURE_NO_WARNINGS. See online help for details.
                 C:\Program Files (x86)\Microsoft Visual Studio 12.0\VC\include\stdio.h(356) : see declaration of 'sprintf'
     1>C:\Users\Oleksandr\Desktop\Pinocchio_source\fltk-1.1.10\fluid\Fl_Window_Type.cxx(222): warning C4996: 'sprintf': This function or variable may be unsafe. Consider using sprintf_s instead. To disable deprecation, use _CRT_SECURE_NO_WARNINGS. See online help for details.
                 C:\Program Files (x86)\Microsoft Visual Studio 12.0\VC\include\stdio.h(356) : see declaration of 'sprintf'
     1>C:\Users\Oleksandr\Desktop\Pinocchio_source\fltk-1.1.10\fluid\Fl_Window_Type.cxx(223): warning C4996: 'sprintf': This function or variable may be unsafe. Consider using sprintf_s instead. To disable deprecation, use _CRT_SECURE_NO_WARNINGS. See online help for details.
                 C:\Program Files (x86)\Microsoft Visual Studio 12.0\VC\include\stdio.h(356) : see declaration of 'sprintf'
     1>C:\Users\Oleksandr\Desktop\Pinocchio_source\fltk-1.1.10\fluid\Fl_Window_Type.cxx(630): warning C4996: 'sprintf': This function or variable may be unsafe. Consider using sprintf_s instead. To disable deprecation, use _CRT_SECURE_NO_WARNINGS. See online help for details.
                 C:\Program Files (x86)\Microsoft Visual Studio 12.0\VC\include\stdio.h(356) : see declaration of 'sprintf'
     1>C:\Users\Oleksandr\Desktop\Pinocchio_source\fltk-1.1.10\fluid\Fl_Window_Type.cxx(665): warning C4996: 'sprintf': This function or variable may be unsafe. Consider using sprintf_s instead. To disable deprecation, use _CRT_SECURE_NO_WARNINGS. See online help for details.
                 C:\Program Files (x86)\Microsoft Visual Studio 12.0\VC\include\stdio.h(356) : see declaration of 'sprintf'
     1>C:\Users\Oleksandr\Desktop\Pinocchio_source\fltk-1.1.10\fluid\Fl_Window_Type.cxx(1360): warning C4996: 'sscanf': This function or variable may be unsafe. Consider using sscanf_s instead. To disable deprecation, use _CRT_SECURE_NO_WARNINGS. See online help for details.
                 C:\Program Files (x86)\Microsoft Visual Studio 12.0\VC\include\stdio.h(304) : see declaration of 'sscanf'
     1>C:\Users\Oleksandr\Desktop\Pinocchio_source\fltk-1.1.10\fluid\Fl_Window_Type.cxx(1375): warning C4996: 'sscanf': This function or variable may be unsafe. Consider using sscanf_s instead. To disable deprecation, use _CRT_SECURE_NO_WARNINGS. See online help for details.
                 C:\Program Files (x86)\Microsoft Visual Studio 12.0\VC\include\stdio.h(304) : see declaration of 'sscanf'
     1>C:\Users\Oleksandr\Desktop\Pinocchio_source\fltk-1.1.10\fluid\Fl_Window_Type.cxx(1377): warning C4996: 'sscanf': This function or variable may be unsafe. Consider using sscanf_s instead. To disable deprecation, use _CRT_SECURE_NO_WARNINGS. See online help for details.
                 C:\Program Files (x86)\Microsoft Visual Studio 12.0\VC\include\stdio.h(304) : see declaration of 'sscanf'
     1>C:\Users\Oleksandr\Desktop\Pinocchio_source\fltk-1.1.10\fluid\Fl_Window_Type.cxx(1381): warning C4996: 'sscanf': This function or variable may be unsafe. Consider using sscanf_s instead. To disable deprecation, use _CRT_SECURE_NO_WARNINGS. See online help for details.
                 C:\Program Files (x86)\Microsoft Visual Studio 12.0\VC\include\stdio.h(304) : see declaration of 'sscanf'
         Fluid_Image.cxx
     1>C:\Users\Oleksandr\Desktop\Pinocchio_source\fltk-1.1.10\fluid\Fluid_Image.cxx(68): warning C4996: 'sscanf': This function or variable may be unsafe. Consider using sscanf_s instead. To disable deprecation, use _CRT_SECURE_NO_WARNINGS. See online help for details.
                 C:\Program Files (x86)\Microsoft Visual Studio 12.0\VC\include\stdio.h(304) : see declaration of 'sscanf'
     1>C:\Users\Oleksandr\Desktop\Pinocchio_source\fltk-1.1.10\fluid\Fluid_Image.cxx(151): warning C4996: 'fopen': This function or variable may be unsafe. Consider using fopen_s instead. To disable deprecation, use _CRT_SECURE_NO_WARNINGS. See online help for details.
                 C:\Program Files (x86)\Microsoft Visual Studio 12.0\VC\include\stdio.h(211) : see declaration of 'fopen'
     1>C:\Users\Oleksandr\Desktop\Pinocchio_source\fltk-1.1.10\fluid\Fluid_Image.cxx(153): warning C4996: 'strerror': This function or variable may be unsafe. Consider using strerror_s instead. To disable deprecation, use _CRT_SECURE_NO_WARNINGS. See online help for details.
                 C:\Program Files (x86)\Microsoft Visual Studio 12.0\VC\include\string.h(168) : see declaration of 'strerror'
         about_panel.cxx
         align_widget.cxx
         alignment_panel.cxx
     1>C:\Users\Oleksandr\Desktop\Pinocchio_source\cmake-3.2.1-win32-x86\bin\FL/Fl_Spinner.H(103): warning C4996: 'sprintf': This function or variable may be unsafe. Consider using sprintf_s instead. To disable deprecation, use _CRT_SECURE_NO_WARNINGS. See online help for details.
                 C:\Program Files (x86)\Microsoft Visual Studio 12.0\VC\include\stdio.h(356) : see declaration of 'sprintf'
     1>C:\Users\Oleksandr\Desktop\Pinocchio_source\cmake-3.2.1-win32-x86\bin\FL/Fl_Spinner.H(108): warning C4996: 'sprintf': This function or variable may be unsafe. Consider using sprintf_s instead. To disable deprecation, use _CRT_SECURE_NO_WARNINGS. See online help for details.
                 C:\Program Files (x86)\Microsoft Visual Studio 12.0\VC\include\stdio.h(356) : see declaration of 'sprintf'
     1>C:\Users\Oleksandr\Desktop\Pinocchio_source\cmake-3.2.1-win32-x86\bin\FL/Fl_Spinner.H(110): warning C4996: 'sprintf': This function or variable may be unsafe. Consider using sprintf_s instead. To disable deprecation, use _CRT_SECURE_NO_WARNINGS. See online help for details.
                 C:\Program Files (x86)\Microsoft Visual Studio 12.0\VC\include\stdio.h(356) : see declaration of 'sprintf'
         code.cxx
     1>C:\Users\Oleksandr\Desktop\Pinocchio_source\cmake-3.2.1-win32-x86\bin\FL/Fl_Spinner.H(103): warning C4996: 'sprintf': This function or variable may be unsafe. Consider using sprintf_s instead. To disable deprecation, use _CRT_SECURE_NO_WARNINGS. See online help for details.
                 C:\Program Files (x86)\Microsoft Visual Studio 12.0\VC\include\stdio.h(356) : see declaration of 'sprintf'
     1>C:\Users\Oleksandr\Desktop\Pinocchio_source\cmake-3.2.1-win32-x86\bin\FL/Fl_Spinner.H(108): warning C4996: 'sprintf': This function or variable may be unsafe. Consider using sprintf_s instead. To disable deprecation, use _CRT_SECURE_NO_WARNINGS. See online help for details.
                 C:\Program Files (x86)\Microsoft Visual Studio 12.0\VC\include\stdio.h(356) : see declaration of 'sprintf'
     1>C:\Users\Oleksandr\Desktop\Pinocchio_source\cmake-3.2.1-win32-x86\bin\FL/Fl_Spinner.H(110): warning C4996: 'sprintf': This function or variable may be unsafe. Consider using sprintf_s instead. To disable deprecation, use _CRT_SECURE_NO_WARNINGS. See online help for details.
                 C:\Program Files (x86)\Microsoft Visual Studio 12.0\VC\include\stdio.h(356) : see declaration of 'sprintf'
     1>C:\Users\Oleksandr\Desktop\Pinocchio_source\fltk-1.1.10\fluid\code.cxx(92): warning C4996: 'sprintf': This function or variable may be unsafe. Consider using sprintf_s instead. To disable deprecation, use _CRT_SECURE_NO_WARNINGS. See online help for details.
                 C:\Program Files (x86)\Microsoft Visual Studio 12.0\VC\include\stdio.h(356) : see declaration of 'sprintf'
     1>C:\Users\Oleksandr\Desktop\Pinocchio_source\fltk-1.1.10\fluid\code.cxx(140): warning C4996: 'vsnprintf': This function or variable may be unsafe. Consider using vsnprintf_s instead. To disable deprecation, use _CRT_SECURE_NO_WARNINGS. See online help for details.
                 C:\Program Files (x86)\Microsoft Visual Studio 12.0\VC\include\stdio.h(337) : see declaration of 'vsnprintf'
     1>C:\Users\Oleksandr\Desktop\Pinocchio_source\fltk-1.1.10\fluid\code.cxx(346): warning C4996: 'fopen': This function or variable may be unsafe. Consider using fopen_s instead. To disable deprecation, use _CRT_SECURE_NO_WARNINGS. See online help for details.
                 C:\Program Files (x86)\Microsoft Visual Studio 12.0\VC\include\stdio.h(211) : see declaration of 'fopen'
     1>C:\Users\Oleksandr\Desktop\Pinocchio_source\fltk-1.1.10\fluid\code.cxx(352): warning C4996: 'fopen': This function or variable may be unsafe. Consider using fopen_s instead. To disable deprecation, use _CRT_SECURE_NO_WARNINGS. See online help for details.
                 C:\Program Files (x86)\Microsoft Visual Studio 12.0\VC\include\stdio.h(211) : see declaration of 'fopen'
     1>C:\Users\Oleksandr\Desktop\Pinocchio_source\fltk-1.1.10\fluid\code.cxx(460): warning C4996: 'fopen': This function or variable may be unsafe. Consider using fopen_s instead. To disable deprecation, use _CRT_SECURE_NO_WARNINGS. See online help for details.
                 C:\Program Files (x86)\Microsoft Visual Studio 12.0\VC\include\stdio.h(211) : see declaration of 'fopen'
         factory.cxx
     1>C:\Users\Oleksandr\Desktop\Pinocchio_source\fltk-1.1.10\fluid\factory.cxx(233): warning C4996: 'sprintf': This function or variable may be unsafe. Consider using sprintf_s instead. To disable deprecation, use _CRT_SECURE_NO_WARNINGS. See online help for details.
                 C:\Program Files (x86)\Microsoft Visual Studio 12.0\VC\include\stdio.h(356) : see declaration of 'sprintf'
     1>C:\Users\Oleksandr\Desktop\Pinocchio_source\fltk-1.1.10\fluid\factory.cxx(280): warning C4996: 'sprintf': This function or variable may be unsafe. Consider using sprintf_s instead. To disable deprecation, use _CRT_SECURE_NO_WARNINGS. See online help for details.
                 C:\Program Files (x86)\Microsoft Visual Studio 12.0\VC\include\stdio.h(356) : see declaration of 'sprintf'
     1>C:\Users\Oleksandr\Desktop\Pinocchio_source\cmake-3.2.1-win32-x86\bin\FL/Fl_Spinner.H(103): warning C4996: 'sprintf': This function or variable may be unsafe. Consider using sprintf_s instead. To disable deprecation, use _CRT_SECURE_NO_WARNINGS. See online help for details.
                 C:\Program Files (x86)\Microsoft Visual Studio 12.0\VC\include\stdio.h(356) : see declaration of 'sprintf'
     1>C:\Users\Oleksandr\Desktop\Pinocchio_source\cmake-3.2.1-win32-x86\bin\FL/Fl_Spinner.H(108): warning C4996: 'sprintf': This function or variable may be unsafe. Consider using sprintf_s instead. To disable deprecation, use _CRT_SECURE_NO_WARNINGS. See online help for details.
                 C:\Program Files (x86)\Microsoft Visual Studio 12.0\VC\include\stdio.h(356) : see declaration of 'sprintf'
     1>C:\Users\Oleksandr\Desktop\Pinocchio_source\cmake-3.2.1-win32-x86\bin\FL/Fl_Spinner.H(110): warning C4996: 'sprintf': This function or variable may be unsafe. Consider using sprintf_s instead. To disable deprecation, use _CRT_SECURE_NO_WARNINGS. See online help for details.
                 C:\Program Files (x86)\Microsoft Visual Studio 12.0\VC\include\stdio.h(356) : see declaration of 'sprintf'
     1>C:\Users\Oleksandr\Desktop\Pinocchio_source\fltk-1.1.10\fluid\factory.cxx(1022): warning C4996: 'strcpy': This function or variable may be unsafe. Consider using strcpy_s instead. To disable deprecation, use _CRT_SECURE_NO_WARNINGS. See online help for details.
                 C:\Program Files (x86)\Microsoft Visual Studio 12.0\VC\include\string.h(112) : see declaration of 'strcpy'
     1>C:\Users\Oleksandr\Desktop\Pinocchio_source\fltk-1.1.10\fluid\factory.cxx(1023): warning C4996: 'strcat': This function or variable may be unsafe. Consider using strcat_s instead. To disable deprecation, use _CRT_SECURE_NO_WARNINGS. See online help for details.
                 C:\Program Files (x86)\Microsoft Visual Studio 12.0\VC\include\string.h(118) : see declaration of 'strcat'
     1>C:\Users\Oleksandr\Desktop\Pinocchio_source\fltk-1.1.10\fluid\factory.cxx(1024): warning C4996: 'strcat': This function or variable may be unsafe. Consider using strcat_s instead. To disable deprecation, use _CRT_SECURE_NO_WARNINGS. See online help for details.
                 C:\Program Files (x86)\Microsoft Visual Studio 12.0\VC\include\string.h(118) : see declaration of 'strcat'
         file.cxx
     1>C:\Users\Oleksandr\Desktop\Pinocchio_source\cmake-3.2.1-win32-x86\bin\FL/Fl_Spinner.H(103): warning C4996: 'sprintf': This function or variable may be unsafe. Consider using sprintf_s instead. To disable deprecation, use _CRT_SECURE_NO_WARNINGS. See online help for details.
                 C:\Program Files (x86)\Microsoft Visual Studio 12.0\VC\include\stdio.h(356) : see declaration of 'sprintf'
     1>C:\Users\Oleksandr\Desktop\Pinocchio_source\cmake-3.2.1-win32-x86\bin\FL/Fl_Spinner.H(108): warning C4996: 'sprintf': This function or variable may be unsafe. Consider using sprintf_s instead. To disable deprecation, use _CRT_SECURE_NO_WARNINGS. See online help for details.
                 C:\Program Files (x86)\Microsoft Visual Studio 12.0\VC\include\stdio.h(356) : see declaration of 'sprintf'
     1>C:\Users\Oleksandr\Desktop\Pinocchio_source\cmake-3.2.1-win32-x86\bin\FL/Fl_Spinner.H(110): warning C4996: 'sprintf': This function or variable may be unsafe. Consider using sprintf_s instead. To disable deprecation, use _CRT_SECURE_NO_WARNINGS. See online help for details.
                 C:\Program Files (x86)\Microsoft Visual Studio 12.0\VC\include\stdio.h(356) : see declaration of 'sprintf'
     1>C:\Users\Oleksandr\Desktop\Pinocchio_source\fltk-1.1.10\fluid\file.cxx(46): warning C4996: 'fopen': This function or variable may be unsafe. Consider using fopen_s instead. To disable deprecation, use _CRT_SECURE_NO_WARNINGS. See online help for details.
                 C:\Program Files (x86)\Microsoft Visual Studio 12.0\VC\include\stdio.h(211) : see declaration of 'fopen'
     1>C:\Users\Oleksandr\Desktop\Pinocchio_source\fltk-1.1.10\fluid\file.cxx(138): warning C4996: 'fopen': This function or variable may be unsafe. Consider using fopen_s instead. To disable deprecation, use _CRT_SECURE_NO_WARNINGS. See online help for details.
                 C:\Program Files (x86)\Microsoft Visual Studio 12.0\VC\include\stdio.h(211) : see declaration of 'fopen'
     1>C:\Users\Oleksandr\Desktop\Pinocchio_source\fltk-1.1.10\fluid\file.cxx(161): warning C4996: 'vsnprintf': This function or variable may be unsafe. Consider using vsnprintf_s instead. To disable deprecation, use _CRT_SECURE_NO_WARNINGS. See online help for details.
                 C:\Program Files (x86)\Microsoft Visual Studio 12.0\VC\include\stdio.h(337) : see declaration of 'vsnprintf'
         fluid.cxx
     1>C:\Users\Oleksandr\Desktop\Pinocchio_source\cmake-3.2.1-win32-x86\bin\FL/Fl_Spinner.H(103): warning C4996: 'sprintf': This function or variable may be unsafe. Consider using sprintf_s instead. To disable deprecation, use _CRT_SECURE_NO_WARNINGS. See online help for details.
                 C:\Program Files (x86)\Microsoft Visual Studio 12.0\VC\include\stdio.h(356) : see declaration of 'sprintf'
     1>C:\Users\Oleksandr\Desktop\Pinocchio_source\cmake-3.2.1-win32-x86\bin\FL/Fl_Spinner.H(108): warning C4996: 'sprintf': This function or variable may be unsafe. Consider using sprintf_s instead. To disable deprecation, use _CRT_SECURE_NO_WARNINGS. See online help for details.
                 C:\Program Files (x86)\Microsoft Visual Studio 12.0\VC\include\stdio.h(356) : see declaration of 'sprintf'
     1>C:\Users\Oleksandr\Desktop\Pinocchio_source\cmake-3.2.1-win32-x86\bin\FL/Fl_Spinner.H(110): warning C4996: 'sprintf': This function or variable may be unsafe. Consider using sprintf_s instead. To disable deprecation, use _CRT_SECURE_NO_WARNINGS. See online help for details.
                 C:\Program Files (x86)\Microsoft Visual Studio 12.0\VC\include\stdio.h(356) : see declaration of 'sprintf'
     1>C:\Users\Oleksandr\Desktop\Pinocchio_source\fltk-1.1.10\fluid\fluid.cxx(130): warning C4996: 'strerror': This function or variable may be unsafe. Consider using strerror_s instead. To disable deprecation, use _CRT_SECURE_NO_WARNINGS. See online help for details.
                 C:\Program Files (x86)\Microsoft Visual Studio 12.0\VC\include\string.h(168) : see declaration of 'strerror'
     1>C:\Users\Oleksandr\Desktop\Pinocchio_source\fltk-1.1.10\fluid\fluid.cxx(133): warning C4996: 'strerror': This function or variable may be unsafe. Consider using strerror_s instead. To disable deprecation, use _CRT_SECURE_NO_WARNINGS. See online help for details.
                 C:\Program Files (x86)\Microsoft Visual Studio 12.0\VC\include\string.h(168) : see declaration of 'strerror'
     1>C:\Users\Oleksandr\Desktop\Pinocchio_source\fltk-1.1.10\fluid\fluid.cxx(140): warning C4996: 'strerror': This function or variable may be unsafe. Consider using strerror_s instead. To disable deprecation, use _CRT_SECURE_NO_WARNINGS. See online help for details.
                 C:\Program Files (x86)\Microsoft Visual Studio 12.0\VC\include\string.h(168) : see declaration of 'strerror'
     1>C:\Users\Oleksandr\Desktop\Pinocchio_source\fltk-1.1.10\fluid\fluid.cxx(215): warning C4996: 'strerror': This function or variable may be unsafe. Consider using strerror_s instead. To disable deprecation, use _CRT_SECURE_NO_WARNINGS. See online help for details.
                 C:\Program Files (x86)\Microsoft Visual Studio 12.0\VC\include\string.h(168) : see declaration of 'strerror'
     1>C:\Users\Oleksandr\Desktop\Pinocchio_source\fltk-1.1.10\fluid\fluid.cxx(267): warning C4996: 'mkdir': The POSIX name for this item is deprecated. Instead, use the ISO C++ conformant name: _mkdir. See online help for details.
                 C:\Program Files (x86)\Microsoft Visual Studio 12.0\VC\include\direct.h(140) : see declaration of 'mkdir'
     1>C:\Users\Oleksandr\Desktop\Pinocchio_source\fltk-1.1.10\fluid\fluid.cxx(282): warning C4996: 'strcpy': This function or variable may be unsafe. Consider using strcpy_s instead. To disable deprecation, use _CRT_SECURE_NO_WARNINGS. See online help for details.
                 C:\Program Files (x86)\Microsoft Visual Studio 12.0\VC\include\string.h(112) : see declaration of 'strcpy'
     1>C:\Users\Oleksandr\Desktop\Pinocchio_source\fltk-1.1.10\fluid\fluid.cxx(291): warning C4996: 'strerror': This function or variable may be unsafe. Consider using strerror_s instead. To disable deprecation, use _CRT_SECURE_NO_WARNINGS. See online help for details.
                 C:\Program Files (x86)\Microsoft Visual Studio 12.0\VC\include\string.h(168) : see declaration of 'strerror'
     1>C:\Users\Oleksandr\Desktop\Pinocchio_source\fltk-1.1.10\fluid\fluid.cxx(314): warning C4996: 'strcpy': This function or variable may be unsafe. Consider using strcpy_s instead. To disable deprecation, use _CRT_SECURE_NO_WARNINGS. See online help for details.
                 C:\Program Files (x86)\Microsoft Visual Studio 12.0\VC\include\string.h(112) : see declaration of 'strcpy'
     1>C:\Users\Oleksandr\Desktop\Pinocchio_source\fltk-1.1.10\fluid\fluid.cxx(318): warning C4996: 'fopen': This function or variable may be unsafe. Consider using fopen_s instead. To disable deprecation, use _CRT_SECURE_NO_WARNINGS. See online help for details.
                 C:\Program Files (x86)\Microsoft Visual Studio 12.0\VC\include\stdio.h(211) : see declaration of 'fopen'
     1>C:\Users\Oleksandr\Desktop\Pinocchio_source\fltk-1.1.10\fluid\fluid.cxx(320): warning C4996: 'strerror': This function or variable may be unsafe. Consider using strerror_s instead. To disable deprecation, use _CRT_SECURE_NO_WARNINGS. See online help for details.
                 C:\Program Files (x86)\Microsoft Visual Studio 12.0\VC\include\string.h(168) : see declaration of 'strerror'
     1>C:\Users\Oleksandr\Desktop\Pinocchio_source\fltk-1.1.10\fluid\fluid.cxx(364): warning C4996: 'strerror': This function or variable may be unsafe. Consider using strerror_s instead. To disable deprecation, use _CRT_SECURE_NO_WARNINGS. See online help for details.
                 C:\Program Files (x86)\Microsoft Visual Studio 12.0\VC\include\string.h(168) : see declaration of 'strerror'
     1>C:\Users\Oleksandr\Desktop\Pinocchio_source\fltk-1.1.10\fluid\fluid.cxx(474): warning C4996: 'strerror': This function or variable may be unsafe. Consider using strerror_s instead. To disable deprecation, use _CRT_SECURE_NO_WARNINGS. See online help for details.
                 C:\Program Files (x86)\Microsoft Visual Studio 12.0\VC\include\string.h(168) : see declaration of 'strerror'
     1>C:\Users\Oleksandr\Desktop\Pinocchio_source\fltk-1.1.10\fluid\fluid.cxx(514): warning C4996: 'strerror': This function or variable may be unsafe. Consider using strerror_s instead. To disable deprecation, use _CRT_SECURE_NO_WARNINGS. See online help for details.
                 C:\Program Files (x86)\Microsoft Visual Studio 12.0\VC\include\string.h(168) : see declaration of 'strerror'
     1>C:\Users\Oleksandr\Desktop\Pinocchio_source\fltk-1.1.10\fluid\fluid.cxx(587): warning C4996: 'fopen': This function or variable may be unsafe. Consider using fopen_s instead. To disable deprecation, use _CRT_SECURE_NO_WARNINGS. See online help for details.
                 C:\Program Files (x86)\Microsoft Visual Studio 12.0\VC\include\stdio.h(211) : see declaration of 'fopen'
     1>C:\Users\Oleksandr\Desktop\Pinocchio_source\fltk-1.1.10\fluid\fluid.cxx(589): warning C4996: 'strerror': This function or variable may be unsafe. Consider using strerror_s instead. To disable deprecation, use _CRT_SECURE_NO_WARNINGS. See online help for details.
                 C:\Program Files (x86)\Microsoft Visual Studio 12.0\VC\include\string.h(168) : see declaration of 'strerror'
     1>C:\Users\Oleksandr\Desktop\Pinocchio_source\fltk-1.1.10\fluid\fluid.cxx(595): warning C4996: 'fopen': This function or variable may be unsafe. Consider using fopen_s instead. To disable deprecation, use _CRT_SECURE_NO_WARNINGS. See online help for details.
                 C:\Program Files (x86)\Microsoft Visual Studio 12.0\VC\include\stdio.h(211) : see declaration of 'fopen'
     1>C:\Users\Oleksandr\Desktop\Pinocchio_source\fltk-1.1.10\fluid\fluid.cxx(597): warning C4996: 'strerror': This function or variable may be unsafe. Consider using strerror_s instead. To disable deprecation, use _CRT_SECURE_NO_WARNINGS. See online help for details.
                 C:\Program Files (x86)\Microsoft Visual Studio 12.0\VC\include\string.h(168) : see declaration of 'strerror'
     1>C:\Users\Oleksandr\Desktop\Pinocchio_source\fltk-1.1.10\fluid\fluid.cxx(673): warning C4996: 'strerror': This function or variable may be unsafe. Consider using strerror_s instead. To disable deprecation, use _CRT_SECURE_NO_WARNINGS. See online help for details.
                 C:\Program Files (x86)\Microsoft Visual Studio 12.0\VC\include\string.h(168) : see declaration of 'strerror'
     1>C:\Users\Oleksandr\Desktop\Pinocchio_source\fltk-1.1.10\fluid\fluid.cxx(676): warning C4996: 'strerror': This function or variable may be unsafe. Consider using strerror_s instead. To disable deprecation, use _CRT_SECURE_NO_WARNINGS. See online help for details.
                 C:\Program Files (x86)\Microsoft Visual Studio 12.0\VC\include\string.h(168) : see declaration of 'strerror'
     1>C:\Users\Oleksandr\Desktop\Pinocchio_source\fltk-1.1.10\fluid\fluid.cxx(696): warning C4996: 'strerror': This function or variable may be unsafe. Consider using strerror_s instead. To disable deprecation, use _CRT_SECURE_NO_WARNINGS. See online help for details.
                 C:\Program Files (x86)\Microsoft Visual Studio 12.0\VC\include\string.h(168) : see declaration of 'strerror'
     1>C:\Users\Oleksandr\Desktop\Pinocchio_source\fltk-1.1.10\fluid\fluid.cxx(699): warning C4996: 'strerror': This function or variable may be unsafe. Consider using strerror_s instead. To disable deprecation, use _CRT_SECURE_NO_WARNINGS. See online help for details.
                 C:\Program Files (x86)\Microsoft Visual Studio 12.0\VC\include\string.h(168) : see declaration of 'strerror'
     1>C:\Users\Oleksandr\Desktop\Pinocchio_source\fltk-1.1.10\fluid\fluid.cxx(733): warning C4996: 'strerror': This function or variable may be unsafe. Consider using strerror_s instead. To disable deprecation, use _CRT_SECURE_NO_WARNINGS. See online help for details.
                 C:\Program Files (x86)\Microsoft Visual Studio 12.0\VC\include\string.h(168) : see declaration of 'strerror'
     1>C:\Users\Oleksandr\Desktop\Pinocchio_source\fltk-1.1.10\fluid\fluid.cxx(745): warning C4996: 'strerror': This function or variable may be unsafe. Consider using strerror_s instead. To disable deprecation, use _CRT_SECURE_NO_WARNINGS. See online help for details.
                 C:\Program Files (x86)\Microsoft Visual Studio 12.0\VC\include\string.h(168) : see declaration of 'strerror'
     1>C:\Users\Oleksandr\Desktop\Pinocchio_source\fltk-1.1.10\fluid\fluid.cxx(781): warning C4996: 'strerror': This function or variable may be unsafe. Consider using strerror_s instead. To disable deprecation, use _CRT_SECURE_NO_WARNINGS. See online help for details.
                 C:\Program Files (x86)\Microsoft Visual Studio 12.0\VC\include\string.h(168) : see declaration of 'strerror'
     1>C:\Users\Oleksandr\Desktop\Pinocchio_source\fltk-1.1.10\fluid\fluid.cxx(797): warning C4996: 'strerror': This function or variable may be unsafe. Consider using strerror_s instead. To disable deprecation, use _CRT_SECURE_NO_WARNINGS. See online help for details.
                 C:\Program Files (x86)\Microsoft Visual Studio 12.0\VC\include\string.h(168) : see declaration of 'strerror'
     1>C:\Users\Oleksandr\Desktop\Pinocchio_source\fltk-1.1.10\fluid\fluid.cxx(807): warning C4996: 'strerror': This function or variable may be unsafe. Consider using strerror_s instead. To disable deprecation, use _CRT_SECURE_NO_WARNINGS. See online help for details.
                 C:\Program Files (x86)\Microsoft Visual Studio 12.0\VC\include\string.h(168) : see declaration of 'strerror'
     1>C:\Users\Oleksandr\Desktop\Pinocchio_source\fltk-1.1.10\fluid\fluid.cxx(843): warning C4996: 'getenv': This function or variable may be unsafe. Consider using _dupenv_s instead. To disable deprecation, use _CRT_SECURE_NO_WARNINGS. See online help for details.
                 C:\Program Files (x86)\Microsoft Visual Studio 12.0\VC\include\stdlib.h(462) : see declaration of 'getenv'
     1>C:\Users\Oleksandr\Desktop\Pinocchio_source\fltk-1.1.10\fluid\fluid.cxx(988): warning C4996: 'localtime': This function or variable may be unsafe. Consider using localtime_s instead. To disable deprecation, use _CRT_SECURE_NO_WARNINGS. See online help for details.
                 C:\Program Files (x86)\Microsoft Visual Studio 12.0\VC\include\time.inl(112) : see declaration of 'localtime'
     1>C:\Users\Oleksandr\Desktop\Pinocchio_source\fltk-1.1.10\fluid\fluid.cxx(1005): warning C4996: 'sprintf': This function or variable may be unsafe. Consider using sprintf_s instead. To disable deprecation, use _CRT_SECURE_NO_WARNINGS. See online help for details.
                 C:\Program Files (x86)\Microsoft Visual Studio 12.0\VC\include\stdio.h(356) : see declaration of 'sprintf'
     1>C:\Users\Oleksandr\Desktop\Pinocchio_source\fltk-1.1.10\fluid\fluid.cxx(2219): warning C4996: 'strerror': This function or variable may be unsafe. Consider using strerror_s instead. To disable deprecation, use _CRT_SECURE_NO_WARNINGS. See online help for details.
                 C:\Program Files (x86)\Microsoft Visual Studio 12.0\VC\include\string.h(168) : see declaration of 'strerror'
     1>C:\Users\Oleksandr\Desktop\Pinocchio_source\fltk-1.1.10\fluid\fluid.cxx(2222): warning C4996: 'strerror': This function or variable may be unsafe. Consider using strerror_s instead. To disable deprecation, use _CRT_SECURE_NO_WARNINGS. See online help for details.
                 C:\Program Files (x86)\Microsoft Visual Studio 12.0\VC\include\string.h(168) : see declaration of 'strerror'
         function_panel.cxx
         template_panel.cxx
     1>C:\Users\Oleksandr\Desktop\Pinocchio_source\fltk-1.1.10\fluid\template_panel.cxx(98): warning C4996: 'strcpy': This function or variable may be unsafe. Consider using strcpy_s instead. To disable deprecation, use _CRT_SECURE_NO_WARNINGS. See online help for details.
                 C:\Program Files (x86)\Microsoft Visual Studio 12.0\VC\include\string.h(112) : see declaration of 'strcpy'
     1>C:\Users\Oleksandr\Desktop\Pinocchio_source\fltk-1.1.10\fluid\template_panel.cxx(215): warning C4996: 'strerror': This function or variable may be unsafe. Consider using strerror_s instead. To disable deprecation, use _CRT_SECURE_NO_WARNINGS. See online help for details.
                 C:\Program Files (x86)\Microsoft Visual Studio 12.0\VC\include\string.h(168) : see declaration of 'strerror'
         undo.cxx
         widget_panel.cxx
         Generating Code...
       Link:
         C:\Program Files (x86)\Microsoft Visual Studio 12.0\VC\bin\link.exe /ERRORREPORT:PROMPT /OUT:"C:\Users\Oleksandr\Desktop\Pinocchio_source\cmake-3.2.1-win32-x86\bin\bin\Debug\fluid.exe" /INCREMENTAL /NOLOGO /LIBPATH:"C:/Users/Oleksandr/Desktop/Pinocchio_source/cmake-3.2.1-win32-x86/bin/bin/Debug" /LIBPATH:"C:/Users/Oleksandr/Desktop/Pinocchio_source/cmake-3.2.1-win32-x86/bin/bin/Debug/Debug" kernel32.lib user32.lib gdi32.lib winspool.lib shell32.lib ole32.lib oleaut32.lib uuid.lib comdlg32.lib advapi32.lib ..\bin\Debug\fltk.lib ..\bin\Debug\fltk_images.lib ..\bin\Debug\fltk_forms.lib wsock32.lib comctl32.lib ..\bin\Debug\fltk_gl.lib ..\bin\Debug\fltk_png.lib ..\bin\Debug\fltk_jpeg.lib ..\bin\Debug\fltk_zlib.lib ..\bin\Debug\fltk.lib wsock32.lib comctl32.lib glu32.lib opengl32.lib /MANIFEST /MANIFESTUAC:"level='asInvoker' uiAccess='false'" /manifest:embed /DEBUG /PDB:"C:/Users/Oleksandr/Desktop/Pinocchio_source/cmake-3.2.1-win32-x86/bin/bin/Debug/fluid.pdb" /SUBSYSTEM:CONSOLE /TLBID:1 /DYNAMICBASE /NXCOMPAT /IMPLIB:"C:/Users/Oleksandr/Desktop/Pinocchio_source/cmake-3.2.1-win32-x86/bin/bin/Debug/fluid.lib" /MACHINE:X86 /SAFESEH  /machine:X86 /debug fluid.dir\Debug\CodeEditor.obj
         fluid.dir\Debug\Fl_Function_Type.obj
         fluid.dir\Debug\Fl_Group_Type.obj
         fluid.dir\Debug\Fl_Menu_Type.obj
         fluid.dir\Debug\Fl_Type.obj
         fluid.dir\Debug\Fl_Widget_Type.obj
         fluid.dir\Debug\Fl_Window_Type.obj
         fluid.dir\Debug\Fluid_Image.obj
         fluid.dir\Debug\about_panel.obj
         fluid.dir\Debug\align_widget.obj
         fluid.dir\Debug\alignment_panel.obj
         fluid.dir\Debug\code.obj
         fluid.dir\Debug\factory.obj
         fluid.dir\Debug\file.obj
         fluid.dir\Debug\fluid.obj
         fluid.dir\Debug\function_panel.obj
         fluid.dir\Debug\template_panel.obj
         fluid.dir\Debug\undo.obj
         fluid.dir\Debug\widget_panel.obj
         fluid.vcxproj -> C:\Users\Oleksandr\Desktop\Pinocchio_source\cmake-3.2.1-win32-x86\bin\bin\Debug\fluid.exe
     1>Done Building Project "C:\Users\Oleksandr\Desktop\Pinocchio_source\cmake-3.2.1-win32-x86\bin\fluid\fluid.vcxproj" (Rebuild target(s)).

Build succeeded.

Time Elapsed 00:00:09.89
