0 -58.4657 519.773 352.806 -1
1 -47.0177 255.754 387.424 0
2 -47.0464 171.627 387.527 1
3 -47.3777 580.424 362.086 0
4 -44.6025 678.523 391.504 3
5 -100.992 171.398 395.865 2
6 -135.97 -83.0335 386.949 5
7 -121.891 -385.054 372.98 6
8 -133.08 -394.038 470.871 7
9 7.01707 171.36 384.877 2
10 32.8672 -74.9394 364.867 9
11 44.4064 -378.815 351.397 10
12 63.131 -395.949 438.617 11
13 -180.276 523.604 378.063 0
14 -318.892 452.336 425.481 13
15 -453.327 409.243 466.008 14
16 -489.198 374.079 460.448 15
17 55.9314 549.129 330.76 0
18 217.628 485.189 330.782 17
19 371.711 456.95 325.714 18
20 378.657 430.187 312.259 19
