c:\users\oleksandr\desktop\pinocchio_source\pinocchio\pinocchio\debug\vc120.pdb
c:\users\oleksandr\desktop\pinocchio_source\pinocchio\pinocchio\debug\vc120.idb
c:\users\oleksandr\desktop\pinocchio_source\pinocchio\pinocchio\debug\attachment.obj
c:\users\oleksandr\desktop\pinocchio_source\pinocchio\pinocchio\debug\discretization.obj
c:\users\oleksandr\desktop\pinocchio_source\pinocchio\pinocchio\debug\embedding.obj
c:\users\oleksandr\desktop\pinocchio_source\pinocchio\pinocchio\debug\graphutils.obj
c:\users\oleksandr\desktop\pinocchio_source\pinocchio\pinocchio\debug\indexer.obj
c:\users\oleksandr\desktop\pinocchio_source\pinocchio\pinocchio\debug\intersector.obj
c:\users\oleksandr\desktop\pinocchio_source\pinocchio\pinocchio\debug\lsqsolver.obj
c:\users\oleksandr\desktop\pinocchio_source\pinocchio\pinocchio\debug\matrix.obj
c:\users\oleksandr\desktop\pinocchio_source\pinocchio\pinocchio\debug\mesh.obj
c:\users\oleksandr\desktop\pinocchio_source\pinocchio\pinocchio\debug\pinocchio.obj
c:\users\oleksandr\desktop\pinocchio_source\pinocchio\pinocchio\debug\pinocchioapi.obj
c:\users\oleksandr\desktop\pinocchio_source\pinocchio\pinocchio\debug\refinement.obj
c:\users\oleksandr\desktop\pinocchio_source\pinocchio\pinocchio\debug\skeleton.obj
c:\users\oleksandr\desktop\pinocchio_source\pinocchio\debug\pinocchio.ilk
c:\users\oleksandr\desktop\pinocchio_source\pinocchio\debug\pinocchio.dll
c:\users\oleksandr\desktop\pinocchio_source\pinocchio\debug\pinocchio.pdb
c:\users\oleksandr\desktop\pinocchio_source\pinocchio\debug\pinocchio.lib
c:\users\oleksandr\desktop\pinocchio_source\pinocchio\debug\pinocchio.exp
c:\users\oleksandr\desktop\pinocchio_source\pinocchio\pinocchio\debug\pinocchio.tlog\cl.command.1.tlog
c:\users\oleksandr\desktop\pinocchio_source\pinocchio\pinocchio\debug\pinocchio.tlog\cl.read.1.tlog
c:\users\oleksandr\desktop\pinocchio_source\pinocchio\pinocchio\debug\pinocchio.tlog\cl.write.1.tlog
c:\users\oleksandr\desktop\pinocchio_source\pinocchio\pinocchio\debug\pinocchio.tlog\link.command.1.tlog
c:\users\oleksandr\desktop\pinocchio_source\pinocchio\pinocchio\debug\pinocchio.tlog\link.read.1.tlog
c:\users\oleksandr\desktop\pinocchio_source\pinocchio\pinocchio\debug\pinocchio.tlog\link.write.1.tlog
c:\users\oleksandr\desktop\pinocchio_source\pinocchio\pinocchio\debug\pinocchio.tlog\pinocchio.write.1u.tlog
