Build started 14/4/2015 14:54:07 .
     1>Project "C:\Users\Oleksandr\Desktop\Pinocchio_source\Pinocchio\DemoUI\DemoUI.vcxproj" on node 2 (Build target(s)).
     1>ClCompile:
         C:\Program Files (x86)\Microsoft Visual Studio 12.0\VC\bin\CL.exe /c /Zi /nologo /W3 /WX- /O2 /Oy- /GL /D WIN32 /D NDEBUG /D _WINDOWS /D _CONSOLE /D _UNICODE /D UNICODE /Gm- /EHsc /MD /GS /fp:precise /Zc:wchar_t /Zc:forScope /Fo"Release\\" /Fd"Release\vc120.pdb" /Gd /TP /analyze- /errorReport:prompt processor.cpp
         processor.cpp
       Link:
         C:\Program Files (x86)\Microsoft Visual Studio 12.0\VC\bin\link.exe /ERRORREPORT:PROMPT /OUT:"C:\Users\Oleksandr\Desktop\Pinocchio_source\Pinocchio\Release\DemoUI.exe" /INCREMENTAL:NO /NOLOGO /LIBPATH:C:\Users\Oleksandr\Desktop\Pinocchio_source\Pinocchio\DemoUI\lib fltk.lib fltkgl.lib opengl32.lib wsock32.lib comctl32.lib kernel32.lib user32.lib gdi32.lib winspool.lib comdlg32.lib advapi32.lib shell32.lib ole32.lib oleaut32.lib uuid.lib odbc32.lib odbccp32.lib /MANIFEST /MANIFESTUAC:"level='asInvoker' uiAccess='false'" /manifest:embed /DEBUG /PDB:"C:\Users\Oleksandr\Desktop\Pinocchio_source\Pinocchio\Release\DemoUI.pdb" /SUBSYSTEM:CONSOLE /OPT:REF /OPT:ICF /LTCG /TLBID:1 /DYNAMICBASE /NXCOMPAT /IMPLIB:"C:\Users\Oleksandr\Desktop\Pinocchio_source\Pinocchio\Release\DemoUI.lib" /MACHINE:X86 /SAFESEH Release\defmesh.obj
         Release\demoUI.obj
         Release\filter.obj
         Release\Jzon.obj
         Release\motion.obj
         Release\MyWindow.obj
         Release\processor.obj
         C:\Users\Oleksandr\Desktop\Pinocchio_source\Pinocchio\Release\Pinocchio.lib
         Generating code
         Finished generating code
         DemoUI.vcxproj -> C:\Users\Oleksandr\Desktop\Pinocchio_source\Pinocchio\Release\DemoUI.exe
     1>Done Building Project "C:\Users\Oleksandr\Desktop\Pinocchio_source\Pinocchio\DemoUI\DemoUI.vcxproj" (Build target(s)).

Build succeeded.

Time Elapsed 00:00:03.24
