Build started 23/3/2015 18:55:29 .
     1>Project "C:\Users\Oleksandr\Desktop\Pinocchio_source\Pinocchio\DemoUI\DemoUI.vcxproj" on node 2 (Build target(s)).
     1>ClCompile:
         C:\Program Files (x86)\Microsoft Visual Studio 12.0\VC\bin\CL.exe /c /ZI /nologo /W3 /WX- /Od /Oy- /D WIN32 /D _DEBUG /D _WINDOWS /D _CONSOLE /D _UNICODE /D UNICODE /Gm /EHsc /RTC1 /MDd /GS /fp:precise /Zc:wchar_t /Zc:forScope /Fo"Debug\\" /Fd"Debug\vc120.pdb" /Gd /TP /analyze- /errorReport:prompt Jzon.cpp processor.cpp
         processor.cpp
         Jzon.cpp
         Generating Code...
       Link:
         C:\Program Files (x86)\Microsoft Visual Studio 12.0\VC\bin\link.exe /ERRORREPORT:PROMPT /OUT:"C:\Users\Oleksandr\Desktop\Pinocchio_source\Pinocchio\Debug\DemoUI.exe" /INCREMENTAL /NOLOGO /LIBPATH:C:\Users\Oleksandr\Desktop\Pinocchio_source\Pinocchio\DemoUI\lib fltk.lib fltkgl.lib opengl32.lib wsock32.lib comctl32.lib kernel32.lib user32.lib gdi32.lib winspool.lib comdlg32.lib advapi32.lib shell32.lib ole32.lib oleaut32.lib uuid.lib odbc32.lib odbccp32.lib /MANIFEST /MANIFESTUAC:"level='asInvoker' uiAccess='false'" /manifest:embed /DEBUG /PDB:"C:\Users\Oleksandr\Desktop\Pinocchio_source\Pinocchio\Debug\DemoUI.pdb" /SUBSYSTEM:CONSOLE /TLBID:1 /DYNAMICBASE /NXCOMPAT /IMPLIB:"C:\Users\Oleksandr\Desktop\Pinocchio_source\Pinocchio\Debug\DemoUI.lib" /MACHINE:X86 /SAFESEH Debug\defmesh.obj
         Debug\demoUI.obj
         Debug\filter.obj
         Debug\Jzon.obj
         Debug\motion.obj
         Debug\MyWindow.obj
         Debug\processor.obj
         C:\Users\Oleksandr\Desktop\Pinocchio_source\Pinocchio\Debug\Pinocchio.lib
         DemoUI.vcxproj -> C:\Users\Oleksandr\Desktop\Pinocchio_source\Pinocchio\Debug\DemoUI.exe
     1>Done Building Project "C:\Users\Oleksandr\Desktop\Pinocchio_source\Pinocchio\DemoUI\DemoUI.vcxproj" (Build target(s)).

Build succeeded.

Time Elapsed 00:00:02.16
