Build started 24/3/2015 14:30:22 .
     1>Project "C:\Users\Oleksandr\Desktop\Pinocchio_source\fltk-1.1.10\vc2005\fltk.lib.vcxproj" on node 2 (Build target(s)).
     1>ClCompile:
         C:\Program Files (x86)\Microsoft Visual Studio 12.0\VC\bin\CL.exe /c /I..\vc2005 /I..\zlib /I..\png /I..\jpeg /I.. /Zi /nologo /W1 /WX- /Od /Ob2 /Oy- /D _CRT_SECURE_NO_DEPRECATE /D WIN32 /D NDEBUG /D _WINDOWS /D WIN32_LEAN_AND_MEAN /D VC_EXTRA_LEAN /D WIN32_EXTRA_LEAN /D _VC80_UPGRADE=0x0710 /Gm- /EHsc /MD /GS /fp:precise /Zc:wchar_t /Zc:forScope /Fo".\Release/" /Fd".\Release/vc120.pdb" /Gd /TP /analyze- /errorReport:prompt ..\src\filename_absolute.cxx ..\src\filename_expand.cxx ..\src\filename_ext.cxx ..\src\filename_isdir.cxx ..\src\filename_list.cxx ..\src\filename_match.cxx ..\src\filename_setext.cxx ..\src\Fl.cxx ..\src\Fl_abort.cxx ..\src\Fl_add_idle.cxx ..\src\Fl_Adjuster.cxx ..\src\fl_arc.cxx ..\src\fl_arci.cxx ..\src\Fl_arg.cxx ..\src\fl_ask.cxx ..\src\Fl_Bitmap.cxx ..\src\Fl_Box.cxx ..\src\fl_boxtype.cxx ..\src\Fl_Browser.cxx ..\src\Fl_Browser_.cxx ..\src\Fl_Browser_load.cxx ..\src\Fl_Button.cxx ..\src\Fl_Chart.cxx ..\src\Fl_Check_Browser.cxx ..\src\Fl_Check_Button.cxx ..\src\Fl_Choice.cxx ..\src\Fl_Clock.cxx ..\src\fl_color.cxx ..\src\Fl_Color_Chooser.cxx ..\src\Fl_compose.cxx ..\src\Fl_Counter.cxx ..\src\fl_cursor.cxx ..\src\fl_curve.cxx ..\src\Fl_Dial.cxx ..\src\fl_diamond_box.cxx ..\src\Fl_display.cxx ..\src\fl_dnd.cxx ..\src\Fl_Double_Window.cxx ..\src\fl_draw.cxx ..\src\fl_draw_image.cxx ..\src\fl_draw_pixmap.cxx ..\src\fl_engraved_label.cxx ..\src\Fl_File_Browser.cxx ..\src\Fl_File_Chooser.cxx ..\src\Fl_File_Chooser2.cxx ..\src\fl_file_dir.cxx ..\src\Fl_File_Icon.cxx ..\src\Fl_File_Input.cxx ..\src\fl_font.cxx ..\src\Fl_get_key.cxx ..\src\Fl_get_system_colors.cxx ..\src\Fl_grab.cxx ..\src\Fl_Group.cxx ..\src\fl_gtk.cxx ..\src\Fl_Help_View.cxx ..\src\Fl_Image.cxx ..\src\Fl_Input.cxx ..\src\Fl_Input_.cxx ..\src\fl_labeltype.cxx ..\src\Fl_Light_Button.cxx ..\src\fl_line_style.cxx ..\src\Fl_lock.cxx ..\src\Fl_Menu.cxx ..\src\Fl_Menu_.cxx ..\src\Fl_Menu_add.cxx ..\src\Fl_Menu_Bar.cxx ..\src\Fl_Menu_Button.cxx ..\src\Fl_Menu_global.cxx ..\src\Fl_Menu_Window.cxx ..\src\Fl_Multi_Label.cxx ..\src\fl_open_uri.cxx ..\src\fl_oval_box.cxx ..\src\fl_overlay.cxx ..\src\fl_overlay_visual.cxx ..\src\Fl_Overlay_Window.cxx ..\src\Fl_own_colormap.cxx ..\src\Fl_Pack.cxx ..\src\Fl_Pixmap.cxx ..\src\fl_plastic.cxx ..\src\Fl_Positioner.cxx ..\src\Fl_Preferences.cxx ..\src\Fl_Progress.cxx ..\src\fl_read_image.cxx ..\src\fl_rect.cxx ..\src\Fl_Repeat_Button.cxx ..\src\Fl_Return_Button.cxx ..\src\Fl_Roller.cxx ..\src\fl_round_box.cxx ..\src\Fl_Round_Button.cxx ..\src\fl_rounded_box.cxx ..\src\Fl_Scroll.cxx ..\src\fl_scroll_area.cxx ..\src\Fl_Scrollbar.cxx ..\src\fl_set_font.cxx ..\src\fl_set_fonts.cxx ..\src\fl_shadow_box.cxx ..\src\Fl_Shared_Image.cxx ..\src\fl_shortcut.cxx ..\src\fl_show_colormap.cxx ..\src\Fl_Single_Window.cxx ..\src\Fl_Slider.cxx ..\src\fl_symbols.cxx ..\src\Fl_Tabs.cxx ..\src\Fl_Text_Buffer.cxx ..\src\Fl_Text_Display.cxx ..\src\Fl_Text_Editor.cxx ..\src\Fl_Tile.cxx ..\src\Fl_Tiled_Image.cxx ..\src\Fl_Tooltip.cxx ..\src\Fl_Valuator.cxx ..\src\Fl_Value_Input.cxx ..\src\Fl_Value_Output.cxx ..\src\Fl_Value_Slider.cxx ..\src\fl_vertex.cxx ..\src\Fl_visual.cxx ..\src\Fl_Widget.cxx ..\src\Fl_Window.cxx ..\src\Fl_Window_fullscreen.cxx ..\src\Fl_Window_hotspot.cxx ..\src\Fl_Window_iconize.cxx ..\src\Fl_Wizard.cxx ..\src\Fl_x.cxx ..\src\Fl_XBM_Image.cxx ..\src\Fl_XPM_Image.cxx ..\src\screen_xywh.cxx
         filename_absolute.cxx
         filename_expand.cxx
         filename_ext.cxx
         filename_isdir.cxx
         filename_list.cxx
         filename_match.cxx
         filename_setext.cxx
         Fl.cxx
         Fl_abort.cxx
         Fl_add_idle.cxx
         Fl_Adjuster.cxx
         fl_arc.cxx
         fl_arci.cxx
         Fl_arg.cxx
         fl_ask.cxx
         Fl_Bitmap.cxx
         Fl_Box.cxx
         fl_boxtype.cxx
         Fl_Browser.cxx
         Fl_Browser_.cxx
         Generating Code...
         Compiling...
         Fl_Browser_load.cxx
         Fl_Button.cxx
         Fl_Chart.cxx
         Fl_Check_Browser.cxx
         Fl_Check_Button.cxx
         Fl_Choice.cxx
         Fl_Clock.cxx
         fl_color.cxx
         Fl_Color_Chooser.cxx
         Fl_compose.cxx
         Fl_Counter.cxx
         fl_cursor.cxx
         fl_curve.cxx
         Fl_Dial.cxx
         fl_diamond_box.cxx
         Fl_display.cxx
         fl_dnd.cxx
         Fl_Double_Window.cxx
         fl_draw.cxx
         fl_draw_image.cxx
         Generating Code...
         Compiling...
         fl_draw_pixmap.cxx
         fl_engraved_label.cxx
         Fl_File_Browser.cxx
         Fl_File_Chooser.cxx
         Fl_File_Chooser2.cxx
         fl_file_dir.cxx
         Fl_File_Icon.cxx
         Fl_File_Input.cxx
         fl_font.cxx
         Fl_get_key.cxx
         Fl_get_system_colors.cxx
         Fl_grab.cxx
         Fl_Group.cxx
         fl_gtk.cxx
         Fl_Help_View.cxx
         Fl_Image.cxx
         Fl_Input.cxx
         Fl_Input_.cxx
         fl_labeltype.cxx
         Fl_Light_Button.cxx
         Generating Code...
         Compiling...
         fl_line_style.cxx
         Fl_lock.cxx
         Fl_Menu.cxx
         Fl_Menu_.cxx
         Fl_Menu_add.cxx
         Fl_Menu_Bar.cxx
         Fl_Menu_Button.cxx
         Fl_Menu_global.cxx
         Fl_Menu_Window.cxx
         Fl_Multi_Label.cxx
         fl_open_uri.cxx
         fl_oval_box.cxx
         fl_overlay.cxx
         fl_overlay_visual.cxx
         Fl_Overlay_Window.cxx
         Fl_own_colormap.cxx
         Fl_Pack.cxx
         Fl_Pixmap.cxx
         fl_plastic.cxx
         Fl_Positioner.cxx
         Generating Code...
         Compiling...
         Fl_Preferences.cxx
         Fl_Progress.cxx
         fl_read_image.cxx
         fl_rect.cxx
         Fl_Repeat_Button.cxx
         Fl_Return_Button.cxx
         Fl_Roller.cxx
         fl_round_box.cxx
         Fl_Round_Button.cxx
         fl_rounded_box.cxx
         Fl_Scroll.cxx
         fl_scroll_area.cxx
         Fl_Scrollbar.cxx
         fl_set_font.cxx
         fl_set_fonts.cxx
         fl_shadow_box.cxx
         Fl_Shared_Image.cxx
         fl_shortcut.cxx
         fl_show_colormap.cxx
         Fl_Single_Window.cxx
         Generating Code...
         Compiling...
         Fl_Slider.cxx
         fl_symbols.cxx
         Fl_Tabs.cxx
         Fl_Text_Buffer.cxx
         Fl_Text_Display.cxx
         Fl_Text_Editor.cxx
         Fl_Tile.cxx
         Fl_Tiled_Image.cxx
         Fl_Tooltip.cxx
         Fl_Valuator.cxx
         Fl_Value_Input.cxx
         Fl_Value_Output.cxx
         Fl_Value_Slider.cxx
         fl_vertex.cxx
         Fl_visual.cxx
         Fl_Widget.cxx
         Fl_Window.cxx
         Fl_Window_fullscreen.cxx
         Fl_Window_hotspot.cxx
         Fl_Window_iconize.cxx
         Generating Code...
         Compiling...
         Fl_Wizard.cxx
         Fl_x.cxx
         Fl_XBM_Image.cxx
         Fl_XPM_Image.cxx
         screen_xywh.cxx
         Generating Code...
         C:\Program Files (x86)\Microsoft Visual Studio 12.0\VC\bin\CL.exe /c /I..\vc2005 /I..\zlib /I..\png /I..\jpeg /I.. /Zi /nologo /W1 /WX- /Od /Ob2 /Oy- /D _CRT_SECURE_NO_DEPRECATE /D WIN32 /D NDEBUG /D _WINDOWS /D WIN32_LEAN_AND_MEAN /D VC_EXTRA_LEAN /D WIN32_EXTRA_LEAN /D _VC80_UPGRADE=0x0710 /Gm- /EHsc /MD /GS /fp:precise /Zc:wchar_t /Zc:forScope /Fo".\Release/" /Fd".\Release/vc120.pdb" /Gd /TC /analyze- /errorReport:prompt ..\src\fl_call_main.c ..\src\flstring.c ..\src\numericsort.c ..\src\scandir.c ..\src\vsnprintf.c
         fl_call_main.c
         flstring.c
         numericsort.c
         scandir.c
         vsnprintf.c
         Generating Code...
     1>C:\Program Files (x86)\MSBuild\Microsoft.Cpp\v4.0\V120\Microsoft.CppBuild.targets(1354,5): warning MSB8012: TargetPath(C:\Users\Oleksandr\Desktop\Pinocchio_source\fltk-1.1.10\vc2005\.\Release\fltk.lib) does not match the Library's OutputFile property value (C:\Users\Oleksandr\Desktop\Pinocchio_source\fltk-1.1.10\lib\fltk.lib). This may cause your project to build incorrectly. To correct this, please make sure that $(OutDir), $(TargetName) and $(TargetExt) property values match the value specified in %(Lib.OutputFile).
       Lib:
         C:\Program Files (x86)\Microsoft Visual Studio 12.0\VC\bin\Lib.exe /OUT:"..\lib\fltk.lib" /NOLOGO .\Release/filename_absolute.obj
         .\Release/filename_expand.obj
         .\Release/filename_ext.obj
         .\Release/filename_isdir.obj
         .\Release/filename_list.obj
         .\Release/filename_match.obj
         .\Release/filename_setext.obj
         .\Release/Fl.obj
         .\Release/Fl_abort.obj
         .\Release/Fl_add_idle.obj
         .\Release/Fl_Adjuster.obj
         .\Release/fl_arc.obj
         .\Release/fl_arci.obj
         .\Release/Fl_arg.obj
         .\Release/fl_ask.obj
         .\Release/Fl_Bitmap.obj
         .\Release/Fl_Box.obj
         .\Release/fl_boxtype.obj
         .\Release/Fl_Browser.obj
         .\Release/Fl_Browser_.obj
         .\Release/Fl_Browser_load.obj
         .\Release/Fl_Button.obj
         .\Release/fl_call_main.obj
         .\Release/Fl_Chart.obj
         .\Release/Fl_Check_Browser.obj
         .\Release/Fl_Check_Button.obj
         .\Release/Fl_Choice.obj
         .\Release/Fl_Clock.obj
         .\Release/fl_color.obj
         .\Release/Fl_Color_Chooser.obj
         .\Release/Fl_compose.obj
         .\Release/Fl_Counter.obj
         .\Release/fl_cursor.obj
         .\Release/fl_curve.obj
         .\Release/Fl_Dial.obj
         .\Release/fl_diamond_box.obj
         .\Release/Fl_display.obj
         .\Release/fl_dnd.obj
         .\Release/Fl_Double_Window.obj
         .\Release/fl_draw.obj
         .\Release/fl_draw_image.obj
         .\Release/fl_draw_pixmap.obj
         .\Release/fl_engraved_label.obj
         .\Release/Fl_File_Browser.obj
         .\Release/Fl_File_Chooser.obj
         .\Release/Fl_File_Chooser2.obj
         .\Release/fl_file_dir.obj
         .\Release/Fl_File_Icon.obj
         .\Release/Fl_File_Input.obj
         .\Release/fl_font.obj
         .\Release/Fl_get_key.obj
         .\Release/Fl_get_system_colors.obj
         .\Release/Fl_grab.obj
         .\Release/Fl_Group.obj
         .\Release/fl_gtk.obj
         .\Release/Fl_Help_View.obj
         .\Release/Fl_Image.obj
         .\Release/Fl_Input.obj
         .\Release/Fl_Input_.obj
         .\Release/fl_labeltype.obj
         .\Release/Fl_Light_Button.obj
         .\Release/fl_line_style.obj
         .\Release/Fl_lock.obj
         .\Release/Fl_Menu.obj
         .\Release/Fl_Menu_.obj
         .\Release/Fl_Menu_add.obj
         .\Release/Fl_Menu_Bar.obj
         .\Release/Fl_Menu_Button.obj
         .\Release/Fl_Menu_global.obj
         .\Release/Fl_Menu_Window.obj
         .\Release/Fl_Multi_Label.obj
         .\Release/fl_open_uri.obj
         .\Release/fl_oval_box.obj
         .\Release/fl_overlay.obj
         .\Release/fl_overlay_visual.obj
         .\Release/Fl_Overlay_Window.obj
         .\Release/Fl_own_colormap.obj
         .\Release/Fl_Pack.obj
         .\Release/Fl_Pixmap.obj
         .\Release/fl_plastic.obj
         .\Release/Fl_Positioner.obj
         .\Release/Fl_Preferences.obj
         .\Release/Fl_Progress.obj
         .\Release/fl_read_image.obj
         .\Release/fl_rect.obj
         .\Release/Fl_Repeat_Button.obj
         .\Release/Fl_Return_Button.obj
         .\Release/Fl_Roller.obj
         .\Release/fl_round_box.obj
         .\Release/Fl_Round_Button.obj
         .\Release/fl_rounded_box.obj
         .\Release/Fl_Scroll.obj
         .\Release/fl_scroll_area.obj
         .\Release/Fl_Scrollbar.obj
         .\Release/fl_set_font.obj
         .\Release/fl_set_fonts.obj
         .\Release/fl_shadow_box.obj
         .\Release/Fl_Shared_Image.obj
         .\Release/fl_shortcut.obj
         .\Release/fl_show_colormap.obj
         .\Release/Fl_Single_Window.obj
         .\Release/Fl_Slider.obj
         .\Release/fl_symbols.obj
         .\Release/Fl_Tabs.obj
         .\Release/Fl_Text_Buffer.obj
         .\Release/Fl_Text_Display.obj
         .\Release/Fl_Text_Editor.obj
         .\Release/Fl_Tile.obj
         .\Release/Fl_Tiled_Image.obj
         .\Release/Fl_Tooltip.obj
         .\Release/Fl_Valuator.obj
         .\Release/Fl_Value_Input.obj
         .\Release/Fl_Value_Output.obj
         .\Release/Fl_Value_Slider.obj
         .\Release/fl_vertex.obj
         .\Release/Fl_visual.obj
         .\Release/Fl_Widget.obj
         .\Release/Fl_Window.obj
         .\Release/Fl_Window_fullscreen.obj
         .\Release/Fl_Window_hotspot.obj
         .\Release/Fl_Window_iconize.obj
         .\Release/Fl_Wizard.obj
         .\Release/Fl_x.obj
         .\Release/Fl_XBM_Image.obj
         .\Release/Fl_XPM_Image.obj
         .\Release/flstring.obj
         .\Release/numericsort.obj
         .\Release/scandir.obj
         .\Release/screen_xywh.obj
         .\Release/vsnprintf.obj
         fltk.lib.vcxproj -> C:\Users\Oleksandr\Desktop\Pinocchio_source\fltk-1.1.10\vc2005\.\Release\fltk.lib
     1>Done Building Project "C:\Users\Oleksandr\Desktop\Pinocchio_source\fltk-1.1.10\vc2005\fltk.lib.vcxproj" (Build target(s)).

Build succeeded.

Time Elapsed 00:00:12.91
