c:\users\oleksandr\desktop\pinocchio_source\pinocchio\pinocchio\release\vc120.pdb
c:\users\oleksandr\desktop\pinocchio_source\pinocchio\pinocchio\release\skeleton.obj
c:\users\oleksandr\desktop\pinocchio_source\pinocchio\pinocchio\release\refinement.obj
c:\users\oleksandr\desktop\pinocchio_source\pinocchio\pinocchio\release\pinocchioapi.obj
c:\users\oleksandr\desktop\pinocchio_source\pinocchio\pinocchio\release\pinocchio.obj
c:\users\oleksandr\desktop\pinocchio_source\pinocchio\pinocchio\release\mesh.obj
c:\users\oleksandr\desktop\pinocchio_source\pinocchio\pinocchio\release\matrix.obj
c:\users\oleksandr\desktop\pinocchio_source\pinocchio\pinocchio\release\lsqsolver.obj
c:\users\oleksandr\desktop\pinocchio_source\pinocchio\pinocchio\release\intersector.obj
c:\users\oleksandr\desktop\pinocchio_source\pinocchio\pinocchio\release\indexer.obj
c:\users\oleksandr\desktop\pinocchio_source\pinocchio\pinocchio\release\graphutils.obj
c:\users\oleksandr\desktop\pinocchio_source\pinocchio\pinocchio\release\embedding.obj
c:\users\oleksandr\desktop\pinocchio_source\pinocchio\pinocchio\release\discretization.obj
c:\users\oleksandr\desktop\pinocchio_source\pinocchio\pinocchio\release\attachment.obj
c:\users\oleksandr\desktop\pinocchio_source\pinocchio\release\pinocchio.dll
c:\users\oleksandr\desktop\pinocchio_source\pinocchio\release\pinocchio.lib
c:\users\oleksandr\desktop\pinocchio_source\pinocchio\release\pinocchio.exp
c:\users\oleksandr\desktop\pinocchio_source\pinocchio\pinocchio\release\pinocchio.tlog\cl.command.1.tlog
c:\users\oleksandr\desktop\pinocchio_source\pinocchio\pinocchio\release\pinocchio.tlog\cl.read.1.tlog
c:\users\oleksandr\desktop\pinocchio_source\pinocchio\pinocchio\release\pinocchio.tlog\cl.write.1.tlog
c:\users\oleksandr\desktop\pinocchio_source\pinocchio\pinocchio\release\pinocchio.tlog\link.command.1.tlog
c:\users\oleksandr\desktop\pinocchio_source\pinocchio\pinocchio\release\pinocchio.tlog\link.read.1.tlog
c:\users\oleksandr\desktop\pinocchio_source\pinocchio\pinocchio\release\pinocchio.tlog\link.write.1.tlog
c:\users\oleksandr\desktop\pinocchio_source\pinocchio\pinocchio\release\pinocchio.tlog\pinocchio.write.1u.tlog
