Build started 18/3/2015 14:22:21 .
     1>Project "C:\Users\Oleksandr\Desktop\Pinocchio_source\cmake-3.2.1-win32-x86\bin\png\fltk_png.vcxproj" on node 4 (Rebuild target(s)).
     1>CustomBuild:
         Building Custom Rule C:/Users/Oleksandr/Desktop/Pinocchio_source/fltk-1.1.10/png/CMakeLists.txt
         CMake does not need to re-run because C:\Users\Oleksandr\Desktop\Pinocchio_source\cmake-3.2.1-win32-x86\bin\png\CMakeFiles\generate.stamp is up-to-date.
       ClCompile:
         C:\Program Files (x86)\Microsoft Visual Studio 12.0\VC\bin\CL.exe /c /I"C:\Users\Oleksandr\Desktop\Pinocchio_source\fltk-1.1.10\zlib" /I"C:\Users\Oleksandr\Desktop\Pinocchio_source\fltk-1.1.10\jpeg" /I"C:\Users\Oleksandr\Desktop\Pinocchio_source\fltk-1.1.10\png" /I"C:\Users\Oleksandr\Desktop\Pinocchio_source\cmake-3.2.1-win32-x86\bin" /I"C:\Users\Oleksandr\Desktop\Pinocchio_source\cmake-3.2.1-win32-x86\bin\png" /Zi /nologo /W3 /WX- /Od /Ob0 /Oy- /D WIN32 /D _WINDOWS /D _DEBUG /D "CMAKE_INTDIR=\"Debug\"" /D _MBCS /Gm- /RTC1 /MDd /GS /fp:precise /Zc:wchar_t /Zc:forScope /Fo"fltk_png.dir\Debug\\" /Fd"fltk_png.dir\Debug\vc120.pdb" /Gd /TC /analyze- /errorReport:prompt "C:\Users\Oleksandr\Desktop\Pinocchio_source\fltk-1.1.10\png\pngget.c" "C:\Users\Oleksandr\Desktop\Pinocchio_source\fltk-1.1.10\png\pngrio.c" "C:\Users\Oleksandr\Desktop\Pinocchio_source\fltk-1.1.10\png\pngwrite.c" "C:\Users\Oleksandr\Desktop\Pinocchio_source\fltk-1.1.10\png\png.c" "C:\Users\Oleksandr\Desktop\Pinocchio_source\fltk-1.1.10\png\pngmem.c" "C:\Users\Oleksandr\Desktop\Pinocchio_source\fltk-1.1.10\png\pngrtran.c" "C:\Users\Oleksandr\Desktop\Pinocchio_source\fltk-1.1.10\png\pngtrans.c" "C:\Users\Oleksandr\Desktop\Pinocchio_source\fltk-1.1.10\png\pngwtran.c" "C:\Users\Oleksandr\Desktop\Pinocchio_source\fltk-1.1.10\png\pngerror.c" "C:\Users\Oleksandr\Desktop\Pinocchio_source\fltk-1.1.10\png\pngpread.c" "C:\Users\Oleksandr\Desktop\Pinocchio_source\fltk-1.1.10\png\pngrutil.c" "C:\Users\Oleksandr\Desktop\Pinocchio_source\fltk-1.1.10\png\pngwutil.c" "C:\Users\Oleksandr\Desktop\Pinocchio_source\fltk-1.1.10\png\pngread.c" "C:\Users\Oleksandr\Desktop\Pinocchio_source\fltk-1.1.10\png\pngset.c" "C:\Users\Oleksandr\Desktop\Pinocchio_source\fltk-1.1.10\png\pngwio.c"
         pngget.c
         pngrio.c
         pngwrite.c
     1>C:\Users\Oleksandr\Desktop\Pinocchio_source\fltk-1.1.10\png\pngwrite.c(444): warning C4996: 'gmtime': This function or variable may be unsafe. Consider using gmtime_s instead. To disable deprecation, use _CRT_SECURE_NO_WARNINGS. See online help for details.
                 C:\Program Files (x86)\Microsoft Visual Studio 12.0\VC\include\time.inl(99) : see declaration of 'gmtime'
     1>C:\Users\Oleksandr\Desktop\Pinocchio_source\fltk-1.1.10\png\pngwrite.c(542): warning C4996: '_snprintf': This function or variable may be unsafe. Consider using _snprintf_s instead. To disable deprecation, use _CRT_SECURE_NO_WARNINGS. See online help for details.
                 C:\Program Files (x86)\Microsoft Visual Studio 12.0\VC\include\stdio.h(346) : see declaration of '_snprintf'
     1>C:\Users\Oleksandr\Desktop\Pinocchio_source\fltk-1.1.10\png\pngwrite.c(547): warning C4996: '_snprintf': This function or variable may be unsafe. Consider using _snprintf_s instead. To disable deprecation, use _CRT_SECURE_NO_WARNINGS. See online help for details.
                 C:\Program Files (x86)\Microsoft Visual Studio 12.0\VC\include\stdio.h(346) : see declaration of '_snprintf'
     1>C:\Users\Oleksandr\Desktop\Pinocchio_source\fltk-1.1.10\png\pngwrite.c(614): warning C4996: '_snprintf': This function or variable may be unsafe. Consider using _snprintf_s instead. To disable deprecation, use _CRT_SECURE_NO_WARNINGS. See online help for details.
                 C:\Program Files (x86)\Microsoft Visual Studio 12.0\VC\include\stdio.h(346) : see declaration of '_snprintf'
     1>C:\Users\Oleksandr\Desktop\Pinocchio_source\fltk-1.1.10\png\pngwrite.c(619): warning C4996: '_snprintf': This function or variable may be unsafe. Consider using _snprintf_s instead. To disable deprecation, use _CRT_SECURE_NO_WARNINGS. See online help for details.
                 C:\Program Files (x86)\Microsoft Visual Studio 12.0\VC\include\stdio.h(346) : see declaration of '_snprintf'
         png.c
     1>C:\Users\Oleksandr\Desktop\Pinocchio_source\fltk-1.1.10\png\png.c(695): warning C4996: '_snprintf': This function or variable may be unsafe. Consider using _snprintf_s instead. To disable deprecation, use _CRT_SECURE_NO_WARNINGS. See online help for details.
                 C:\Program Files (x86)\Microsoft Visual Studio 12.0\VC\include\stdio.h(346) : see declaration of '_snprintf'
         pngmem.c
         pngrtran.c
     1>C:\Users\Oleksandr\Desktop\Pinocchio_source\fltk-1.1.10\png\pngrtran.c(1311): warning C4996: '_snprintf': This function or variable may be unsafe. Consider using _snprintf_s instead. To disable deprecation, use _CRT_SECURE_NO_WARNINGS. See online help for details.
                 C:\Program Files (x86)\Microsoft Visual Studio 12.0\VC\include\stdio.h(346) : see declaration of '_snprintf'
         pngtrans.c
         pngwtran.c
         pngerror.c
         pngpread.c
         pngrutil.c
     1>C:\Users\Oleksandr\Desktop\Pinocchio_source\fltk-1.1.10\png\pngrutil.c(340): warning C4996: '_snprintf': This function or variable may be unsafe. Consider using _snprintf_s instead. To disable deprecation, use _CRT_SECURE_NO_WARNINGS. See online help for details.
                 C:\Program Files (x86)\Microsoft Visual Studio 12.0\VC\include\stdio.h(346) : see declaration of '_snprintf'
     1>C:\Users\Oleksandr\Desktop\Pinocchio_source\fltk-1.1.10\png\pngrutil.c(345): warning C4996: '_snprintf': This function or variable may be unsafe. Consider using _snprintf_s instead. To disable deprecation, use _CRT_SECURE_NO_WARNINGS. See online help for details.
                 C:\Program Files (x86)\Microsoft Visual Studio 12.0\VC\include\stdio.h(346) : see declaration of '_snprintf'
     1>C:\Users\Oleksandr\Desktop\Pinocchio_source\fltk-1.1.10\png\pngrutil.c(350): warning C4996: '_snprintf': This function or variable may be unsafe. Consider using _snprintf_s instead. To disable deprecation, use _CRT_SECURE_NO_WARNINGS. See online help for details.
                 C:\Program Files (x86)\Microsoft Visual Studio 12.0\VC\include\stdio.h(346) : see declaration of '_snprintf'
     1>C:\Users\Oleksandr\Desktop\Pinocchio_source\fltk-1.1.10\png\pngrutil.c(384): warning C4996: '_snprintf': This function or variable may be unsafe. Consider using _snprintf_s instead. To disable deprecation, use _CRT_SECURE_NO_WARNINGS. See online help for details.
                 C:\Program Files (x86)\Microsoft Visual Studio 12.0\VC\include\stdio.h(346) : see declaration of '_snprintf'
         pngwutil.c
     1>C:\Users\Oleksandr\Desktop\Pinocchio_source\fltk-1.1.10\png\pngwutil.c(197): warning C4996: '_snprintf': This function or variable may be unsafe. Consider using _snprintf_s instead. To disable deprecation, use _CRT_SECURE_NO_WARNINGS. See online help for details.
                 C:\Program Files (x86)\Microsoft Visual Studio 12.0\VC\include\stdio.h(346) : see declaration of '_snprintf'
     1>C:\Users\Oleksandr\Desktop\Pinocchio_source\fltk-1.1.10\png\pngwutil.c(1260): warning C4996: '_snprintf': This function or variable may be unsafe. Consider using _snprintf_s instead. To disable deprecation, use _CRT_SECURE_NO_WARNINGS. See online help for details.
                 C:\Program Files (x86)\Microsoft Visual Studio 12.0\VC\include\stdio.h(346) : see declaration of '_snprintf'
     1>C:\Users\Oleksandr\Desktop\Pinocchio_source\fltk-1.1.10\png\pngwutil.c(1650): warning C4996: '_snprintf': This function or variable may be unsafe. Consider using _snprintf_s instead. To disable deprecation, use _CRT_SECURE_NO_WARNINGS. See online help for details.
                 C:\Program Files (x86)\Microsoft Visual Studio 12.0\VC\include\stdio.h(346) : see declaration of '_snprintf'
     1>C:\Users\Oleksandr\Desktop\Pinocchio_source\fltk-1.1.10\png\pngwutil.c(1652): warning C4996: '_snprintf': This function or variable may be unsafe. Consider using _snprintf_s instead. To disable deprecation, use _CRT_SECURE_NO_WARNINGS. See online help for details.
                 C:\Program Files (x86)\Microsoft Visual Studio 12.0\VC\include\stdio.h(346) : see declaration of '_snprintf'
         pngread.c
     1>C:\Users\Oleksandr\Desktop\Pinocchio_source\fltk-1.1.10\png\pngread.c(127): warning C4996: '_snprintf': This function or variable may be unsafe. Consider using _snprintf_s instead. To disable deprecation, use _CRT_SECURE_NO_WARNINGS. See online help for details.
                 C:\Program Files (x86)\Microsoft Visual Studio 12.0\VC\include\stdio.h(346) : see declaration of '_snprintf'
     1>C:\Users\Oleksandr\Desktop\Pinocchio_source\fltk-1.1.10\png\pngread.c(132): warning C4996: '_snprintf': This function or variable may be unsafe. Consider using _snprintf_s instead. To disable deprecation, use _CRT_SECURE_NO_WARNINGS. See online help for details.
                 C:\Program Files (x86)\Microsoft Visual Studio 12.0\VC\include\stdio.h(346) : see declaration of '_snprintf'
     1>C:\Users\Oleksandr\Desktop\Pinocchio_source\fltk-1.1.10\png\pngread.c(210): warning C4996: '_snprintf': This function or variable may be unsafe. Consider using _snprintf_s instead. To disable deprecation, use _CRT_SECURE_NO_WARNINGS. See online help for details.
                 C:\Program Files (x86)\Microsoft Visual Studio 12.0\VC\include\stdio.h(346) : see declaration of '_snprintf'
     1>C:\Users\Oleksandr\Desktop\Pinocchio_source\fltk-1.1.10\png\pngread.c(215): warning C4996: '_snprintf': This function or variable may be unsafe. Consider using _snprintf_s instead. To disable deprecation, use _CRT_SECURE_NO_WARNINGS. See online help for details.
                 C:\Program Files (x86)\Microsoft Visual Studio 12.0\VC\include\stdio.h(346) : see declaration of '_snprintf'
         pngset.c
         pngwio.c
         Generating Code...
       Lib:
         C:\Program Files (x86)\Microsoft Visual Studio 12.0\VC\bin\Lib.exe /OUT:"C:\Users\Oleksandr\Desktop\Pinocchio_source\cmake-3.2.1-win32-x86\bin\bin\Debug\fltk_png.lib" /NOLOGO fltk_png.dir\Debug\pngget.obj
         fltk_png.dir\Debug\pngrio.obj
         fltk_png.dir\Debug\pngwrite.obj
         fltk_png.dir\Debug\png.obj
         fltk_png.dir\Debug\pngmem.obj
         fltk_png.dir\Debug\pngrtran.obj
         fltk_png.dir\Debug\pngtrans.obj
         fltk_png.dir\Debug\pngwtran.obj
         fltk_png.dir\Debug\pngerror.obj
         fltk_png.dir\Debug\pngpread.obj
         fltk_png.dir\Debug\pngrutil.obj
         fltk_png.dir\Debug\pngwutil.obj
         fltk_png.dir\Debug\pngread.obj
         fltk_png.dir\Debug\pngset.obj
         fltk_png.dir\Debug\pngwio.obj
         fltk_png.vcxproj -> C:\Users\Oleksandr\Desktop\Pinocchio_source\cmake-3.2.1-win32-x86\bin\bin\Debug\fltk_png.lib
     1>Done Building Project "C:\Users\Oleksandr\Desktop\Pinocchio_source\cmake-3.2.1-win32-x86\bin\png\fltk_png.vcxproj" (Rebuild target(s)).

Build succeeded.

Time Elapsed 00:00:05.06
