Build started 18/3/2015 14:22:19 .
     1>Project "C:\Users\Oleksandr\Desktop\Pinocchio_source\cmake-3.2.1-win32-x86\bin\zlib\fltk_zlib.vcxproj" on node 2 (Rebuild target(s)).
     1>CustomBuild:
         Building Custom Rule C:/Users/Oleksandr/Desktop/Pinocchio_source/fltk-1.1.10/zlib/CMakeLists.txt
         CMake does not need to re-run because C:\Users\Oleksandr\Desktop\Pinocchio_source\cmake-3.2.1-win32-x86\bin\zlib\CMakeFiles\generate.stamp is up-to-date.
       ClCompile:
         C:\Program Files (x86)\Microsoft Visual Studio 12.0\VC\bin\CL.exe /c /I"C:\Users\Oleksandr\Desktop\Pinocchio_source\fltk-1.1.10\zlib" /I"C:\Users\Oleksandr\Desktop\Pinocchio_source\fltk-1.1.10\jpeg" /I"C:\Users\Oleksandr\Desktop\Pinocchio_source\fltk-1.1.10\png" /I"C:\Users\Oleksandr\Desktop\Pinocchio_source\cmake-3.2.1-win32-x86\bin" /I"C:\Users\Oleksandr\Desktop\Pinocchio_source\cmake-3.2.1-win32-x86\bin\zlib" /Zi /nologo /W3 /WX- /Od /Ob0 /Oy- /D WIN32 /D _WINDOWS /D _DEBUG /D "CMAKE_INTDIR=\"Debug\"" /D _MBCS /Gm- /RTC1 /MDd /GS /fp:precise /Zc:wchar_t /Zc:forScope /Fo"fltk_zlib.dir\Debug\\" /Fd"fltk_zlib.dir\Debug\vc120.pdb" /Gd /TC /analyze- /errorReport:prompt "C:\Users\Oleksandr\Desktop\Pinocchio_source\fltk-1.1.10\zlib\adler32.c" "C:\Users\Oleksandr\Desktop\Pinocchio_source\fltk-1.1.10\zlib\compress.c" "C:\Users\Oleksandr\Desktop\Pinocchio_source\fltk-1.1.10\zlib\crc32.c" "C:\Users\Oleksandr\Desktop\Pinocchio_source\fltk-1.1.10\zlib\deflate.c" "C:\Users\Oleksandr\Desktop\Pinocchio_source\fltk-1.1.10\zlib\gzio.c" "C:\Users\Oleksandr\Desktop\Pinocchio_source\fltk-1.1.10\zlib\inffast.c" "C:\Users\Oleksandr\Desktop\Pinocchio_source\fltk-1.1.10\zlib\inflate.c" "C:\Users\Oleksandr\Desktop\Pinocchio_source\fltk-1.1.10\zlib\inftrees.c" "C:\Users\Oleksandr\Desktop\Pinocchio_source\fltk-1.1.10\zlib\trees.c" "C:\Users\Oleksandr\Desktop\Pinocchio_source\fltk-1.1.10\zlib\uncompr.c" "C:\Users\Oleksandr\Desktop\Pinocchio_source\fltk-1.1.10\zlib\zutil.c"
         adler32.c
         compress.c
         crc32.c
         deflate.c
         gzio.c
     1>C:\Users\Oleksandr\Desktop\Pinocchio_source\fltk-1.1.10\zlib\gzio.c(131): warning C4996: 'strcpy': This function or variable may be unsafe. Consider using strcpy_s instead. To disable deprecation, use _CRT_SECURE_NO_WARNINGS. See online help for details.
                 C:\Program Files (x86)\Microsoft Visual Studio 12.0\VC\include\string.h(112) : see declaration of 'strcpy'
     1>C:\Users\Oleksandr\Desktop\Pinocchio_source\fltk-1.1.10\zlib\gzio.c(181): warning C4996: 'fopen': This function or variable may be unsafe. Consider using fopen_s instead. To disable deprecation, use _CRT_SECURE_NO_WARNINGS. See online help for details.
                 C:\Program Files (x86)\Microsoft Visual Studio 12.0\VC\include\stdio.h(211) : see declaration of 'fopen'
     1>C:\Users\Oleksandr\Desktop\Pinocchio_source\fltk-1.1.10\zlib\gzio.c(226): warning C4996: 'sprintf': This function or variable may be unsafe. Consider using sprintf_s instead. To disable deprecation, use _CRT_SECURE_NO_WARNINGS. See online help for details.
                 C:\Program Files (x86)\Microsoft Visual Studio 12.0\VC\include\stdio.h(356) : see declaration of 'sprintf'
     1>C:\Users\Oleksandr\Desktop\Pinocchio_source\fltk-1.1.10\zlib\gzio.c(627): warning C4996: '_vsnprintf': This function or variable may be unsafe. Consider using _vsnprintf_s instead. To disable deprecation, use _CRT_SECURE_NO_WARNINGS. See online help for details.
                 C:\Program Files (x86)\Microsoft Visual Studio 12.0\VC\include\stdio.h(346) : see declaration of '_vsnprintf'
     1>C:\Users\Oleksandr\Desktop\Pinocchio_source\fltk-1.1.10\zlib\gzio.c(1001): warning C4996: 'strerror': This function or variable may be unsafe. Consider using strerror_s instead. To disable deprecation, use _CRT_SECURE_NO_WARNINGS. See online help for details.
                 C:\Program Files (x86)\Microsoft Visual Studio 12.0\VC\include\string.h(168) : see declaration of 'strerror'
     1>C:\Users\Oleksandr\Desktop\Pinocchio_source\fltk-1.1.10\zlib\gzio.c(1008): warning C4996: 'strcpy': This function or variable may be unsafe. Consider using strcpy_s instead. To disable deprecation, use _CRT_SECURE_NO_WARNINGS. See online help for details.
                 C:\Program Files (x86)\Microsoft Visual Studio 12.0\VC\include\string.h(112) : see declaration of 'strcpy'
     1>C:\Users\Oleksandr\Desktop\Pinocchio_source\fltk-1.1.10\zlib\gzio.c(1009): warning C4996: 'strcat': This function or variable may be unsafe. Consider using strcat_s instead. To disable deprecation, use _CRT_SECURE_NO_WARNINGS. See online help for details.
                 C:\Program Files (x86)\Microsoft Visual Studio 12.0\VC\include\string.h(118) : see declaration of 'strcat'
     1>C:\Users\Oleksandr\Desktop\Pinocchio_source\fltk-1.1.10\zlib\gzio.c(1010): warning C4996: 'strcat': This function or variable may be unsafe. Consider using strcat_s instead. To disable deprecation, use _CRT_SECURE_NO_WARNINGS. See online help for details.
                 C:\Program Files (x86)\Microsoft Visual Studio 12.0\VC\include\string.h(118) : see declaration of 'strcat'
         inffast.c
         inflate.c
         inftrees.c
         trees.c
         uncompr.c
         zutil.c
         Generating Code...
       Lib:
         C:\Program Files (x86)\Microsoft Visual Studio 12.0\VC\bin\Lib.exe /OUT:"C:\Users\Oleksandr\Desktop\Pinocchio_source\cmake-3.2.1-win32-x86\bin\bin\Debug\fltk_zlib.lib" /NOLOGO fltk_zlib.dir\Debug\adler32.obj
         fltk_zlib.dir\Debug\compress.obj
         fltk_zlib.dir\Debug\crc32.obj
         fltk_zlib.dir\Debug\deflate.obj
         fltk_zlib.dir\Debug\gzio.obj
         fltk_zlib.dir\Debug\inffast.obj
         fltk_zlib.dir\Debug\inflate.obj
         fltk_zlib.dir\Debug\inftrees.obj
         fltk_zlib.dir\Debug\trees.obj
         fltk_zlib.dir\Debug\uncompr.obj
         fltk_zlib.dir\Debug\zutil.obj
         fltk_zlib.vcxproj -> C:\Users\Oleksandr\Desktop\Pinocchio_source\cmake-3.2.1-win32-x86\bin\bin\Debug\fltk_zlib.lib
     1>Done Building Project "C:\Users\Oleksandr\Desktop\Pinocchio_source\cmake-3.2.1-win32-x86\bin\zlib\fltk_zlib.vcxproj" (Rebuild target(s)).

Build succeeded.

Time Elapsed 00:00:01.35
